#
# There is insufficient memory for the Java Runtime Environment to continue.
# Native memory allocation (malloc) failed to allocate 723344 bytes for Chunk::new
# Possible reasons:
#   The system is out of physical RAM or swap space
#   In 32 bit mode, the process size limit was hit
# Possible solutions:
#   Reduce memory load on the system
#   Increase physical memory or swap space
#   Check if swap backing store is full
#   Use 64 bit Java on a 64 bit OS
#   Decrease Java heap size (-Xmx/-Xms)
#   Decrease number of Java threads
#   Decrease Java thread stack sizes (-Xss)
#   Set larger code cache with -XX:ReservedCodeCacheSize=
# This output file may be truncated or incomplete.
#
#  Out of Memory Error (allocation.cpp:390), pid=7324, tid=0x0000000000000574
#
# JRE version: OpenJDK Runtime Environment (8.0_152-b06) (build 1.8.0_152-release-1136-b06)
# Java VM: OpenJDK 64-Bit Server VM (25.152-b06 mixed mode windows-amd64 compressed oops)
# Failed to write core dump. Minidumps are not enabled by default on client versions of Windows
#

---------------  T H R E A D  ---------------

Current thread (0x0000000017b5d800):  JavaThread "C2 CompilerThread1" daemon [_thread_in_native, id=1396, stack(0x0000000018250000,0x0000000018350000)]

Stack: [0x0000000018250000,0x0000000018350000]
[error occurred during error reporting (printing stack bounds), id 0xc0000005]

Native frames: (J=compiled Java code, j=interpreted, Vv=VM code, C=native code)


Current CompileTask:
C2:   7975 2950       4       groovy.lang.MetaClassImpl$1MOPIter::methodNameAction (479 bytes)


---------------  P R O C E S S  ---------------

Java Threads: ( => current thread )
  0x000000001f209000 JavaThread "Build operations Thread 4" [_thread_blocked, id=7140, stack(0x00000000211f0000,0x00000000212f0000)]
  0x000000001f20c000 JavaThread "Build operations Thread 3" [_thread_blocked, id=16348, stack(0x0000000020e40000,0x0000000020f40000)]
  0x000000001f20b800 JavaThread "Build operations Thread 2" [_thread_blocked, id=8956, stack(0x000000001fae0000,0x000000001fbe0000)]
  0x000000001f210000 JavaThread "Build operations" [_thread_blocked, id=17724, stack(0x000000001f9e0000,0x000000001fae0000)]
  0x000000001f20d000 JavaThread "Cache worker for Artifact transforms cache (C:\Users\user\.gradle\caches\transforms-1)" [_thread_blocked, id=17232, stack(0x000000001f5e0000,0x000000001f6e0000)]
  0x000000001b36e000 JavaThread "Cache worker for file hash cache (C:\Users\user\AndroidStudioProjects\BeVeCo2\.gradle\4.6\fileHashes)" [_thread_blocked, id=15896, stack(0x000000001bed0000,0x000000001bfd0000)]
  0x0000000019967000 JavaThread "File lock request listener" [_thread_in_native, id=7904, stack(0x000000001ae00000,0x000000001af00000)]
  0x000000001992e000 JavaThread "Cache worker for file hash cache (C:\Users\user\.gradle\caches\4.6\fileHashes)" [_thread_blocked, id=11952, stack(0x000000001ad00000,0x000000001ae00000)]
  0x0000000019736800 JavaThread "Stdin handler" [_thread_blocked, id=11944, stack(0x000000001aa00000,0x000000001ab00000)]
  0x0000000019735800 JavaThread "Asynchronous log dispatcher for DefaultDaemonConnection: socket connection from /127.0.0.1:53579 to /127.0.0.1:53580" [_thread_blocked, id=15032, stack(0x000000001a900000,0x000000001aa00000)]
  0x0000000019762000 JavaThread "Daemon worker" [_thread_in_vm, id=6440, stack(0x000000001a800000,0x000000001a900000)]
  0x000000001941a800 JavaThread "Cancel handler" [_thread_blocked, id=8244, stack(0x000000001a700000,0x000000001a800000)]
  0x00000000197c7000 JavaThread "Handler for socket connection from /127.0.0.1:53579 to /127.0.0.1:53580" [_thread_in_native, id=17224, stack(0x000000001a400000,0x000000001a500000)]
  0x00000000197c3800 JavaThread "Daemon" [_thread_blocked, id=19444, stack(0x000000001a300000,0x000000001a400000)]
  0x00000000197b3800 JavaThread "Daemon periodic checks" [_thread_blocked, id=15444, stack(0x000000001a200000,0x000000001a300000)]
  0x0000000019556800 JavaThread "Incoming local TCP Connector on port 53579" [_thread_in_native, id=17736, stack(0x000000001a020000,0x000000001a120000)]
  0x0000000017bdc800 JavaThread "Service Thread" daemon [_thread_blocked, id=7752, stack(0x0000000018450000,0x0000000018550000)]
  0x0000000017bad800 JavaThread "C1 CompilerThread2" daemon [_thread_blocked, id=14968, stack(0x0000000018350000,0x0000000018450000)]
=>0x0000000017b5d800 JavaThread "C2 CompilerThread1" daemon [_thread_in_native, id=1396, stack(0x0000000018250000,0x0000000018350000)]
  0x00000000167ee000 JavaThread "C2 CompilerThread0" daemon [_thread_blocked, id=7428, stack(0x0000000018150000,0x0000000018250000)]
  0x00000000167ed800 JavaThread "Attach Listener" daemon [_thread_blocked, id=7440, stack(0x0000000018050000,0x0000000018150000)]
  0x0000000002e6e800 JavaThread "Signal Dispatcher" daemon [_thread_blocked, id=13964, stack(0x0000000017f50000,0x0000000018050000)]
  0x00000000167ce000 JavaThread "Finalizer" daemon [_thread_blocked, id=18740, stack(0x0000000017a50000,0x0000000017b50000)]
  0x0000000002e62000 JavaThread "Reference Handler" daemon [_thread_blocked, id=15844, stack(0x0000000017950000,0x0000000017a50000)]
  0x0000000002c6e000 JavaThread "main" [_thread_blocked, id=16040, stack(0x0000000002c70000,0x0000000002d70000)]

Other Threads:
  0x00000000167a5800 VMThread [stack: 0x0000000017850000,0x0000000017950000] [id=3696]
  0x0000000017bdd000 WatcherThread [stack: 0x0000000018550000,0x0000000018650000] [id=68]

VM state:not at safepoint (normal execution)

VM Mutex/Monitor currently owned by a thread: None

Heap:
 PSYoungGen      total 87552K, used 1426K [0x00000000e0000000, 0x00000000e7d80000, 0x0000000100000000)
  eden space 76800K, 1% used [0x00000000e0000000,0x00000000e01648a8,0x00000000e4b00000)
  from space 10752K, 0% used [0x00000000e4b00000,0x00000000e4b00000,0x00000000e5580000)
  to   space 11264K, 0% used [0x00000000e7280000,0x00000000e7280000,0x00000000e7d80000)
 ParOldGen       total 94208K, used 15026K [0x00000000a0000000, 0x00000000a5c00000, 0x00000000e0000000)
  object space 94208K, 15% used [0x00000000a0000000,0x00000000a0eaca50,0x00000000a5c00000)
 Metaspace       used 34573K, capacity 35232K, committed 35544K, reserved 1079296K
  class space    used 4796K, capacity 5020K, committed 5120K, reserved 1048576K

Card table byte_map: [0x0000000012230000,0x0000000012540000] byte_map_base: 0x0000000011d30000

Marking Bits: (ParMarkBitMap*) 0x000000005e765aa0
 Begin Bits: [0x0000000012b40000, 0x0000000014340000)
 End Bits:   [0x0000000014340000, 0x0000000015b40000)

Polling page: 0x0000000000b20000

CodeCache: size=245760Kb used=10012Kb max_used=10032Kb free=235747Kb
 bounds [0x0000000002e70000, 0x0000000003850000, 0x0000000011e70000]
 total_blobs=3494 nmethods=2795 adapters=612
 compilation: enabled

Compilation events (10 events):
Event: 7.710 Thread 0x00000000167ee000 3090       4       com.google.common.collect.MapMakerInternalMap::rehash (49 bytes)
Event: 7.710 Thread 0x00000000167ee000 nmethod 3090 0x000000000382d350 code [0x000000000382d480, 0x000000000382d518]
Event: 7.710 Thread 0x00000000167ee000 3091       4       com.google.common.collect.MapMakerInternalMap::segmentFor (17 bytes)
Event: 7.711 Thread 0x00000000167ee000 nmethod 3091 0x000000000382d0d0 code [0x000000000382d200, 0x000000000382d298]
Event: 7.711 Thread 0x00000000167ee000 3098       4       java.util.HashMap$KeyIterator::next (8 bytes)
Event: 7.715 Thread 0x00000000167ee000 nmethod 3098 0x000000000382cc10 code [0x000000000382cd60, 0x000000000382cf58]
Event: 7.723 Thread 0x00000000167ee000 3099       4       java.security.CodeSource::hashCode (17 bytes)
Event: 7.726 Thread 0x00000000167ee000 nmethod 3099 0x000000000382c510 code [0x000000000382c660, 0x000000000382caa8]
Event: 7.751 Thread 0x00000000167ee000 3100       4       java.net.URLStreamHandler::equals (45 bytes)
Event: 7.968 Thread 0x00000000167ee000 nmethod 3100 0x0000000003842d10 code [0x0000000003842f40, 0x00000000038453b8]

GC Heap History (10 events):
Event: 5.139 GC heap before
{Heap before GC invocations=7 (full 1):
 PSYoungGen      total 38400K, used 33280K [0x00000000e0000000, 0x00000000e5500000, 0x0000000100000000)
  eden space 33280K, 100% used [0x00000000e0000000,0x00000000e2080000,0x00000000e2080000)
  from space 5120K, 0% used [0x00000000e2080000,0x00000000e2080000,0x00000000e2580000)
  to   space 10240K, 0% used [0x00000000e4b00000,0x00000000e4b00000,0x00000000e5500000)
 ParOldGen       total 60928K, used 8269K [0x00000000a0000000, 0x00000000a3b80000, 0x00000000e0000000)
  object space 60928K, 13% used [0x00000000a0000000,0x00000000a0813798,0x00000000a3b80000)
 Metaspace       used 24016K, capacity 24536K, committed 24704K, reserved 1071104K
  class space    used 3295K, capacity 3437K, committed 3456K, reserved 1048576K
Event: 5.147 GC heap after
Heap after GC invocations=7 (full 1):
 PSYoungGen      total 55296K, used 3991K [0x00000000e0000000, 0x00000000e4f00000, 0x0000000100000000)
  eden space 51200K, 0% used [0x00000000e0000000,0x00000000e0000000,0x00000000e3200000)
  from space 4096K, 97% used [0x00000000e4b00000,0x00000000e4ee5dd0,0x00000000e4f00000)
  to   space 10240K, 0% used [0x00000000e3b00000,0x00000000e3b00000,0x00000000e4500000)
 ParOldGen       total 60928K, used 8277K [0x00000000a0000000, 0x00000000a3b80000, 0x00000000e0000000)
  object space 60928K, 13% used [0x00000000a0000000,0x00000000a0815798,0x00000000a3b80000)
 Metaspace       used 24016K, capacity 24536K, committed 24704K, reserved 1071104K
  class space    used 3295K, capacity 3437K, committed 3456K, reserved 1048576K
}
Event: 6.035 GC heap before
{Heap before GC invocations=8 (full 1):
 PSYoungGen      total 55296K, used 55191K [0x00000000e0000000, 0x00000000e4f00000, 0x0000000100000000)
  eden space 51200K, 100% used [0x00000000e0000000,0x00000000e3200000,0x00000000e3200000)
  from space 4096K, 97% used [0x00000000e4b00000,0x00000000e4ee5dd0,0x00000000e4f00000)
  to   space 10240K, 0% used [0x00000000e3b00000,0x00000000e3b00000,0x00000000e4500000)
 ParOldGen       total 60928K, used 8277K [0x00000000a0000000, 0x00000000a3b80000, 0x00000000e0000000)
  object space 60928K, 13% used [0x00000000a0000000,0x00000000a0815798,0x00000000a3b80000)
 Metaspace       used 27768K, capacity 28296K, committed 28672K, reserved 1073152K
  class space    used 3875K, capacity 4027K, committed 4096K, reserved 1048576K
Event: 6.044 GC heap after
Heap after GC invocations=8 (full 1):
 PSYoungGen      total 70656K, used 6500K [0x00000000e0000000, 0x00000000e5f00000, 0x0000000100000000)
  eden space 60416K, 0% used [0x00000000e0000000,0x00000000e0000000,0x00000000e3b00000)
  from space 10240K, 63% used [0x00000000e3b00000,0x00000000e4159050,0x00000000e4500000)
  to   space 9728K, 0% used [0x00000000e5580000,0x00000000e5580000,0x00000000e5f00000)
 ParOldGen       total 60928K, used 8285K [0x00000000a0000000, 0x00000000a3b80000, 0x00000000e0000000)
  object space 60928K, 13% used [0x00000000a0000000,0x00000000a0817798,0x00000000a3b80000)
 Metaspace       used 27768K, capacity 28296K, committed 28672K, reserved 1073152K
  class space    used 3875K, capacity 4027K, committed 4096K, reserved 1048576K
}
Event: 7.460 GC heap before
{Heap before GC invocations=9 (full 1):
 PSYoungGen      total 70656K, used 66916K [0x00000000e0000000, 0x00000000e5f00000, 0x0000000100000000)
  eden space 60416K, 100% used [0x00000000e0000000,0x00000000e3b00000,0x00000000e3b00000)
  from space 10240K, 63% used [0x00000000e3b00000,0x00000000e4159050,0x00000000e4500000)
  to   space 9728K, 0% used [0x00000000e5580000,0x00000000e5580000,0x00000000e5f00000)
 ParOldGen       total 60928K, used 8285K [0x00000000a0000000, 0x00000000a3b80000, 0x00000000e0000000)
  object space 60928K, 13% used [0x00000000a0000000,0x00000000a0817798,0x00000000a3b80000)
 Metaspace       used 31526K, capacity 32110K, committed 32384K, reserved 1077248K
  class space    used 4419K, capacity 4640K, committed 4736K, reserved 1048576K
Event: 7.472 GC heap after
Heap after GC invocations=9 (full 1):
 PSYoungGen      total 86528K, used 9688K [0x00000000e0000000, 0x00000000e6c80000, 0x0000000100000000)
  eden space 76800K, 0% used [0x00000000e0000000,0x00000000e0000000,0x00000000e4b00000)
  from space 9728K, 99% used [0x00000000e5580000,0x00000000e5ef61f8,0x00000000e5f00000)
  to   space 10752K, 0% used [0x00000000e4b00000,0x00000000e4b00000,0x00000000e5580000)
 ParOldGen       total 60928K, used 8293K [0x00000000a0000000, 0x00000000a3b80000, 0x00000000e0000000)
  object space 60928K, 13% used [0x00000000a0000000,0x00000000a0819798,0x00000000a3b80000)
 Metaspace       used 31526K, capacity 32110K, committed 32384K, reserved 1077248K
  class space    used 4419K, capacity 4640K, committed 4736K, reserved 1048576K
}
Event: 7.798 GC heap before
{Heap before GC invocations=10 (full 1):
 PSYoungGen      total 86528K, used 24079K [0x00000000e0000000, 0x00000000e6c80000, 0x0000000100000000)
  eden space 76800K, 18% used [0x00000000e0000000,0x00000000e0e0dbf8,0x00000000e4b00000)
  from space 9728K, 99% used [0x00000000e5580000,0x00000000e5ef61f8,0x00000000e5f00000)
  to   space 10752K, 0% used [0x00000000e4b00000,0x00000000e4b00000,0x00000000e5580000)
 ParOldGen       total 60928K, used 8293K [0x00000000a0000000, 0x00000000a3b80000, 0x00000000e0000000)
  object space 60928K, 13% used [0x00000000a0000000,0x00000000a0819798,0x00000000a3b80000)
 Metaspace       used 34539K, capacity 35200K, committed 35416K, reserved 1079296K
  class space    used 4789K, capacity 4988K, committed 4992K, reserved 1048576K
Event: 7.817 GC heap after
Heap after GC invocations=10 (full 1):
 PSYoungGen      total 87552K, used 8358K [0x00000000e0000000, 0x00000000e7d80000, 0x0000000100000000)
  eden space 76800K, 0% used [0x00000000e0000000,0x00000000e0000000,0x00000000e4b00000)
  from space 10752K, 77% used [0x00000000e4b00000,0x00000000e5329888,0x00000000e5580000)
  to   space 11264K, 0% used [0x00000000e7280000,0x00000000e7280000,0x00000000e7d80000)
 ParOldGen       total 60928K, used 8301K [0x00000000a0000000, 0x00000000a3b80000, 0x00000000e0000000)
  object space 60928K, 13% used [0x00000000a0000000,0x00000000a081b798,0x00000000a3b80000)
 Metaspace       used 34539K, capacity 35200K, committed 35416K, reserved 1079296K
  class space    used 4789K, capacity 4988K, committed 4992K, reserved 1048576K
}
Event: 7.817 GC heap before
{Heap before GC invocations=11 (full 2):
 PSYoungGen      total 87552K, used 8358K [0x00000000e0000000, 0x00000000e7d80000, 0x0000000100000000)
  eden space 76800K, 0% used [0x00000000e0000000,0x00000000e0000000,0x00000000e4b00000)
  from space 10752K, 77% used [0x00000000e4b00000,0x00000000e5329888,0x00000000e5580000)
  to   space 11264K, 0% used [0x00000000e7280000,0x00000000e7280000,0x00000000e7d80000)
 ParOldGen       total 60928K, used 8301K [0x00000000a0000000, 0x00000000a3b80000, 0x00000000e0000000)
  object space 60928K, 13% used [0x00000000a0000000,0x00000000a081b798,0x00000000a3b80000)
 Metaspace       used 34539K, capacity 35200K, committed 35416K, reserved 1079296K
  class space    used 4789K, capacity 4988K, committed 4992K, reserved 1048576K
Event: 7.965 GC heap after
Heap after GC invocations=11 (full 2):
 PSYoungGen      total 87552K, used 0K [0x00000000e0000000, 0x00000000e7d80000, 0x0000000100000000)
  eden space 76800K, 0% used [0x00000000e0000000,0x00000000e0000000,0x00000000e4b00000)
  from space 10752K, 0% used [0x00000000e4b00000,0x00000000e4b00000,0x00000000e5580000)
  to   space 11264K, 0% used [0x00000000e7280000,0x00000000e7280000,0x00000000e7d80000)
 ParOldGen       total 94208K, used 15026K [0x00000000a0000000, 0x00000000a5c00000, 0x00000000e0000000)
  object space 94208K, 15% used [0x00000000a0000000,0x00000000a0eaca50,0x00000000a5c00000)
 Metaspace       used 34539K, capacity 35200K, committed 35416K, reserved 1079296K
  class space    used 4789K, capacity 4988K, committed 4992K, reserved 1048576K
}

Deoptimization events (10 events):
Event: 6.683 Thread 0x000000001f20c000 Uncommon trap: reason=unstable_if action=reinterpret pc=0x00000000032ec514 method=java.util.concurrent.ConcurrentHashMap.addCount(JI)V @ 168
Event: 7.103 Thread 0x0000000019762000 Uncommon trap: reason=unstable_if action=reinterpret pc=0x00000000032de080 method=java.util.WeakHashMap.expungeStaleEntries()V @ 9
Event: 7.115 Thread 0x0000000019762000 Uncommon trap: reason=unstable_if action=reinterpret pc=0x000000000366bef0 method=java.net.URLClassLoader.isSealed(Ljava/lang/String;Ljava/util/jar/Manifest;)Z @ 26
Event: 7.117 Thread 0x0000000019762000 Uncommon trap: reason=unstable_if action=reinterpret pc=0x00000000036459ac method=java.net.URLClassLoader.isSealed(Ljava/lang/String;Ljava/util/jar/Manifest;)Z @ 26
Event: 7.169 Thread 0x0000000019762000 Uncommon trap: reason=range_check action=make_not_entrant pc=0x000000000373c934 method=java.lang.String.charAt(I)C @ 27
Event: 7.403 Thread 0x0000000019762000 Uncommon trap: reason=class_check action=maybe_recompile pc=0x000000000374e4dc method=java.io.BufferedInputStream.read1([BII)I @ 39
Event: 7.403 Thread 0x0000000019762000 Uncommon trap: reason=class_check action=maybe_recompile pc=0x000000000374e4dc method=java.io.BufferedInputStream.read1([BII)I @ 39
Event: 7.403 Thread 0x0000000019762000 Uncommon trap: reason=class_check action=maybe_recompile pc=0x000000000374e4dc method=java.io.BufferedInputStream.read1([BII)I @ 39
Event: 7.407 Thread 0x0000000019762000 Uncommon trap: reason=unstable_if action=reinterpret pc=0x000000000334e950 method=java.util.regex.Pattern.has(I)Z @ 6
Event: 7.496 Thread 0x0000000019762000 Uncommon trap: reason=predicate action=maybe_recompile pc=0x00000000037ff20c method=java.util.Arrays.binarySearch0([Ljava/lang/Object;IILjava/lang/Object;Ljava/util/Comparator;)I @ 28

Classes redefined (0 events):
No events

Internal exceptions (10 events):
Event: 7.249 Thread 0x0000000019762000 Exception <a 'java/lang/ClassNotFoundException': org/gradle/api/internal/AbstractTaskBeanInfo> (0x00000000e30d1948) thrown at [D:\src\AOSP-openjdk-cygwin\jdk8u\hotspot\src\share\vm\classfile\systemDictionary.cpp, line 210]
Event: 7.250 Thread 0x0000000019762000 Exception <a 'java/lang/ClassNotFoundException': org/gradle/api/internal/AbstractTaskCustomizer> (0x00000000e30fdf90) thrown at [D:\src\AOSP-openjdk-cygwin\jdk8u\hotspot\src\share\vm\classfile\systemDictionary.cpp, line 210]
Event: 7.254 Thread 0x0000000019762000 Exception <a 'java/lang/ClassNotFoundException': org/gradle/api/DefaultTaskCustomizer> (0x00000000e3187d88) thrown at [D:\src\AOSP-openjdk-cygwin\jdk8u\hotspot\src\share\vm\classfile\systemDictionary.cpp, line 210]
Event: 7.256 Thread 0x0000000019762000 Exception <a 'java/lang/ClassNotFoundException': org/gradle/api/internal/ConventionTaskCustomizer> (0x00000000e31c3e38) thrown at [D:\src\AOSP-openjdk-cygwin\jdk8u\hotspot\src\share\vm\classfile\systemDictionary.cpp, line 210]
Event: 7.258 Thread 0x0000000019762000 Exception <a 'java/lang/ClassNotFoundException': org/gradle/api/tasks/DeleteCustomizer> (0x00000000e31fd718) thrown at [D:\src\AOSP-openjdk-cygwin\jdk8u\hotspot\src\share\vm\classfile\systemDictionary.cpp, line 210]
Event: 7.261 Thread 0x0000000019762000 Exception <a 'java/lang/ClassNotFoundException': org/gradle/api/tasks/Delete_DecoratedCustomizer> (0x00000000e3244fc8) thrown at [D:\src\AOSP-openjdk-cygwin\jdk8u\hotspot\src\share\vm\classfile\systemDictionary.cpp, line 210]
Event: 7.304 Thread 0x0000000019762000 Exception <a 'java/lang/ClassNotFoundException': build_1qshre94c8omou4c0n475dkneBeanInfo> (0x00000000e33650e8) thrown at [D:\src\AOSP-openjdk-cygwin\jdk8u\hotspot\src\share\vm\classfile\systemDictionary.cpp, line 210]
Event: 7.304 Thread 0x0000000019762000 Exception <a 'java/lang/ClassNotFoundException': build_1qshre94c8omou4c0n475dkneCustomizer> (0x00000000e337ca28) thrown at [D:\src\AOSP-openjdk-cygwin\jdk8u\hotspot\src\share\vm\classfile\systemDictionary.cpp, line 210]
Event: 7.309 Thread 0x0000000019762000 Exception <a 'java/lang/ClassNotFoundException': org/gradle/api/internal/plugins/DefaultObjectConfigurationActionBeanInfo> (0x00000000e33e4780) thrown at [D:\src\AOSP-openjdk-cygwin\jdk8u\hotspot\src\share\vm\classfile\systemDictionary.cpp, line 210]
Event: 7.310 Thread 0x0000000019762000 Exception <a 'java/lang/ClassNotFoundException': org/gradle/api/internal/plugins/DefaultObjectConfigurationActionCustomizer> (0x00000000e341e220) thrown at [D:\src\AOSP-openjdk-cygwin\jdk8u\hotspot\src\share\vm\classfile\systemDictionary.cpp, line 210]

Events (10 events):
Event: 7.796 loading class com/google/common/hash/MessageDigestHashFunction
Event: 7.796 loading class com/google/common/hash/MessageDigestHashFunction done
Event: 7.797 loading class com/google/common/hash/AbstractHashFunction
Event: 7.797 loading class com/google/common/hash/AbstractHashFunction done
Event: 7.798 Executing VM operation: CollectForMetadataAllocation
Event: 7.965 Executing VM operation: CollectForMetadataAllocation done
Event: 7.966 loading class com/google/common/hash/Hasher
Event: 7.966 loading class com/google/common/hash/Hasher done
Event: 7.969 loading class com/google/common/hash/PrimitiveSink
Event: 7.969 loading class com/google/common/hash/PrimitiveSink done


Dynamic libraries:
0x00007ff620fd0000 - 0x00007ff621001000 	C:\Program Files\Android\Android Studio\jre\bin\java.exe
0x00007ffb69010000 - 0x00007ffb691f1000 	C:\WINDOWS\SYSTEM32\ntdll.dll
0x00007ffb66520000 - 0x00007ffb665d2000 	C:\WINDOWS\System32\KERNEL32.DLL
0x00007ffb66160000 - 0x00007ffb663d3000 	C:\WINDOWS\System32\KERNELBASE.dll
0x00007ffb67cb0000 - 0x00007ffb67d51000 	C:\WINDOWS\System32\ADVAPI32.dll
0x00007ffb67f50000 - 0x00007ffb67fee000 	C:\WINDOWS\System32\msvcrt.dll
0x00007ffb67d70000 - 0x00007ffb67dcb000 	C:\WINDOWS\System32\sechost.dll
0x00007ffb683a0000 - 0x00007ffb684c4000 	C:\WINDOWS\System32\RPCRT4.dll
0x00007ffb68210000 - 0x00007ffb683a0000 	C:\WINDOWS\System32\USER32.dll
0x00007ffb66480000 - 0x00007ffb664a0000 	C:\WINDOWS\System32\win32u.dll
0x00007ffb665e0000 - 0x00007ffb66608000 	C:\WINDOWS\System32\GDI32.dll
0x00007ffb65fc0000 - 0x00007ffb66152000 	C:\WINDOWS\System32\gdi32full.dll
0x00007ffb663e0000 - 0x00007ffb6647f000 	C:\WINDOWS\System32\msvcp_win.dll
0x00007ffb65ba0000 - 0x00007ffb65c9a000 	C:\WINDOWS\System32\ucrtbase.dll
0x00007ffb4e960000 - 0x00007ffb4ebc9000 	C:\WINDOWS\WinSxS\amd64_microsoft.windows.common-controls_6595b64144ccf1df_6.0.17134.407_none_fb449d63306391e9\COMCTL32.dll
0x00007ffb684d0000 - 0x00007ffb687f2000 	C:\WINDOWS\System32\combase.dll
0x00007ffb65f40000 - 0x00007ffb65fba000 	C:\WINDOWS\System32\bcryptPrimitives.dll
0x00007ffb68f30000 - 0x00007ffb68f5d000 	C:\WINDOWS\System32\IMM32.DLL
0x000000005f7c0000 - 0x000000005f892000 	C:\Program Files\Android\Android Studio\jre\jre\bin\msvcr100.dll
0x000000005dfa0000 - 0x000000005e7e1000 	C:\Program Files\Android\Android Studio\jre\jre\bin\server\jvm.dll
0x00007ffb68f60000 - 0x00007ffb68f68000 	C:\WINDOWS\System32\PSAPI.DLL
0x00007ffb63f70000 - 0x00007ffb63f79000 	C:\WINDOWS\SYSTEM32\WSOCK32.dll
0x00007ffb60400000 - 0x00007ffb60423000 	C:\WINDOWS\SYSTEM32\WINMM.dll
0x00007ffb68f70000 - 0x00007ffb68fdc000 	C:\WINDOWS\System32\WS2_32.dll
0x00007ffb603d0000 - 0x00007ffb603fa000 	C:\WINDOWS\SYSTEM32\winmmbase.dll
0x00007ffb65ef0000 - 0x00007ffb65f39000 	C:\WINDOWS\System32\cfgmgr32.dll
0x00007ffb58590000 - 0x00007ffb5859a000 	C:\WINDOWS\SYSTEM32\VERSION.dll
0x00007ffb605b0000 - 0x00007ffb605bf000 	C:\Program Files\Android\Android Studio\jre\jre\bin\verify.dll
0x00007ffb53560000 - 0x00007ffb53589000 	C:\Program Files\Android\Android Studio\jre\jre\bin\java.dll
0x00007ffb54f20000 - 0x00007ffb54f36000 	C:\Program Files\Android\Android Studio\jre\jre\bin\zip.dll
0x00007ffb66870000 - 0x00007ffb67caf000 	C:\WINDOWS\System32\SHELL32.dll
0x00007ffb68810000 - 0x00007ffb688b9000 	C:\WINDOWS\System32\shcore.dll
0x00007ffb653e0000 - 0x00007ffb65aed000 	C:\WINDOWS\System32\windows.storage.dll
0x00007ffb66610000 - 0x00007ffb66661000 	C:\WINDOWS\System32\shlwapi.dll
0x00007ffb653a0000 - 0x00007ffb653b1000 	C:\WINDOWS\System32\kernel.appcore.dll
0x00007ffb65320000 - 0x00007ffb6533f000 	C:\WINDOWS\System32\profapi.dll
0x00007ffb65340000 - 0x00007ffb6538c000 	C:\WINDOWS\System32\powrprof.dll
0x00007ffb65390000 - 0x00007ffb6539a000 	C:\WINDOWS\System32\FLTLIB.DLL
0x00007ffb54ea0000 - 0x00007ffb54eba000 	C:\Program Files\Android\Android Studio\jre\jre\bin\net.dll
0x00007ffb64ba0000 - 0x00007ffb64c06000 	C:\WINDOWS\system32\mswsock.dll
0x00007ffb504d0000 - 0x00007ffb504e1000 	C:\Program Files\Android\Android Studio\jre\jre\bin\nio.dll
0x00007ffb58f90000 - 0x00007ffb58fae000 	C:\Users\user\.gradle\native\25\windows-amd64\native-platform.dll
0x00007ffb60000000 - 0x00007ffb6000d000 	C:\Program Files\Android\Android Studio\jre\jre\bin\management.dll
0x00007ffb64d50000 - 0x00007ffb64d67000 	C:\WINDOWS\SYSTEM32\CRYPTSP.dll
0x00007ffb64780000 - 0x00007ffb647b3000 	C:\WINDOWS\system32\rsaenh.dll
0x00007ffb64e80000 - 0x00007ffb64ea5000 	C:\WINDOWS\SYSTEM32\bcrypt.dll
0x00007ffb65220000 - 0x00007ffb65248000 	C:\WINDOWS\SYSTEM32\USERENV.dll
0x00007ffb64d70000 - 0x00007ffb64d7b000 	C:\WINDOWS\SYSTEM32\CRYPTBASE.dll
0x00007ffb64920000 - 0x00007ffb64958000 	C:\WINDOWS\SYSTEM32\IPHLPAPI.DLL
0x00007ffb67d60000 - 0x00007ffb67d68000 	C:\WINDOWS\System32\NSI.dll
0x00007ffb5b0b0000 - 0x00007ffb5b0c6000 	C:\WINDOWS\SYSTEM32\dhcpcsvc6.DLL
0x00007ffb5b200000 - 0x00007ffb5b21a000 	C:\WINDOWS\SYSTEM32\dhcpcsvc.DLL

VM Arguments:
jvm_args: -Xmx1536m -Dfile.encoding=x-windows-949 -Duser.country=KR -Duser.language=ko -Duser.variant 
java_command: org.gradle.launcher.daemon.bootstrap.GradleDaemon 4.6
java_class_path (initial): C:\Users\user\.gradle\wrapper\dists\gradle-4.6-all\bcst21l2brirad8k2ben1letg\gradle-4.6\lib\gradle-launcher-4.6.jar
Launcher Type: SUN_STANDARD

Environment Variables:
JAVA_HOME=C:\Program Files\Java\jdk1.8.0_131
PATH=C:\Program Files (x86)\Common Files\Oracle\Java\javapath;C:\ProgramData\Oracle\Java\javapath;C:\Program Files (x86)\Intel\iCLS Client\;C:\Program Files\Intel\iCLS Client\;C:\WINDOWS\system32;C:\WINDOWS;C:\WINDOWS\System32\Wbem;C:\WINDOWS\System32\WindowsPowerShell\v1.0\;C:\Program Files (x86)\Intel\Intel(R) Management Engine Components\DAL;C:\Program Files\Intel\Intel(R) Management Engine Components\DAL;C:\Program Files (x86)\Intel\Intel(R) Management Engine Components\IPT;C:\Program Files\Intel\Intel(R) Management Engine Components\IPT;C:\Program Files (x86)\Microsoft SQL Server\100\Tools\Binn\;C:\Program Files\Microsoft SQL Server\100\Tools\Binn\;C:\Program Files\Microsoft SQL Server\100\DTS\Binn\;C:\Program Files\Java\jdk1.8.0_131\bin;C:\Program Files\Microsoft SQL Server\130\Tools\Binn\;C:\Program Files (x86)\Windows Kits\10\Windows Performance Toolkit\;C:\Program Files\Microsoft SQL Server\120\Tools\Binn\;C:\WINDOWS\system32\config\systemprofile\.dnx\bin;C:\Program Files\Microsoft DNX\Dnvm\;C:\Program Files\Intel\WiFi\bin\;C:\Program Files\Common Files\Intel\WirelessCommon\;C:\WINDOWS\System32\OpenSSH\;C:\Program Files\Git\cmd;C:\Users\user\AppData\Local\Programs\Python\Python36\Scripts\;C:\Users\user\AppData\Local\Programs\Python\Python36\;C:\Program Files\Intel\WiFi\bin\;C:\Program Files\Common Files\Intel\WirelessCommon\;C:\Users\user\AppData\Local\Microsoft\WindowsApps;C:\Users\user\AppData\Local\atom\bin;C:\Program Files (x86)\ESTsoft\ALSee\x64
USERNAME=user
OS=Windows_NT
PROCESSOR_IDENTIFIER=Intel64 Family 6 Model 78 Stepping 3, GenuineIntel



---------------  S Y S T E M  ---------------

OS: Windows 10.0 , 64 bit Build 17134 (10.0.17134.1)

CPU:total 4 (initial active 4) (2 cores per cpu, 2 threads per core) family 6 model 78 stepping 3, cmov, cx8, fxsr, mmx, sse, sse2, sse3, ssse3, sse4.1, sse4.2, popcnt, avx, avx2, aes, clmul, erms, 3dnowpref, lzcnt, ht, tsc, tscinvbit, bmi1, bmi2, adx

Memory: 4k page, physical 8302644k(1007764k free), swap 8302644k(5028k free)

vm_info: OpenJDK 64-Bit Server VM (25.152-b06) for windows-amd64 JRE (1.8.0_152-release-1136-b06), built by "builder" with MS VC++ 10.0 (VS2010)

time: Mon Nov 26 18:33:29 2018
elapsed time: 7 seconds (0d 0h 0m 7s)

