#
# There is insufficient memory for the Java Runtime Environment to continue.
# Native memory allocation (malloc) failed to allocate 1281136 bytes for Chunk::new
# Possible reasons:
#   The system is out of physical RAM or swap space
#   In 32 bit mode, the process size limit was hit
# Possible solutions:
#   Reduce memory load on the system
#   Increase physical memory or swap space
#   Check if swap backing store is full
#   Use 64 bit Java on a 64 bit OS
#   Decrease Java heap size (-Xmx/-Xms)
#   Decrease number of Java threads
#   Decrease Java thread stack sizes (-Xss)
#   Set larger code cache with -XX:ReservedCodeCacheSize=
# This output file may be truncated or incomplete.
#
#  Out of Memory Error (allocation.cpp:390), pid=2288, tid=0x0000000000001dec
#
# JRE version: OpenJDK Runtime Environment (8.0_152-b06) (build 1.8.0_152-release-1136-b06)
# Java VM: OpenJDK 64-Bit Server VM (25.152-b06 mixed mode windows-amd64 compressed oops)
# Failed to write core dump. Minidumps are not enabled by default on client versions of Windows
#

---------------  T H R E A D  ---------------

Current thread (0x0000000016fce800):  JavaThread "C2 CompilerThread1" daemon [_thread_in_native, id=7660, stack(0x0000000018a70000,0x0000000018b70000)]

Stack: [0x0000000018a70000,0x0000000018b70000]
[error occurred during error reporting (printing stack bounds), id 0xc0000005]

Native frames: (J=compiled Java code, j=interpreted, Vv=VM code, C=native code)


Current CompileTask:
C2:  11504 5187       4       java.net.URLClassLoader$1::run (5 bytes)


---------------  P R O C E S S  ---------------

Java Threads: ( => current thread )
  0x0000000019395800 JavaThread "Memory manager" [_thread_blocked, id=3048, stack(0x00000000221a0000,0x00000000222a0000)]
  0x0000000019397000 JavaThread "Build operations Thread 4" [_thread_blocked, id=15932, stack(0x00000000219d0000,0x0000000021ad0000)]
  0x0000000019399000 JavaThread "Build operations Thread 3" [_thread_blocked, id=11972, stack(0x00000000218d0000,0x00000000219d0000)]
  0x000000001bddd000 JavaThread "Build operations Thread 2" [_thread_blocked, id=14440, stack(0x00000000217d0000,0x00000000218d0000)]
  0x000000001bdde800 JavaThread "Build operations" [_thread_blocked, id=3932, stack(0x0000000021490000,0x0000000021590000)]
  0x000000001bde0000 JavaThread "Cache worker for Artifact transforms cache (C:\Users\user\.gradle\caches\transforms-1)" [_thread_blocked, id=20212, stack(0x0000000021290000,0x0000000021390000)]
  0x000000001b976000 JavaThread "Cache worker for file hash cache (C:\Users\user\AndroidStudioProjects\BeVeCo2\.gradle\4.6\fileHashes)" [_thread_blocked, id=18460, stack(0x000000001c710000,0x000000001c810000)]
  0x000000001a03f000 JavaThread "File lock request listener" [_thread_in_native, id=14032, stack(0x000000001b640000,0x000000001b740000)]
  0x000000001a1d5000 JavaThread "Cache worker for file hash cache (C:\Users\user\.gradle\caches\4.6\fileHashes)" [_thread_blocked, id=6252, stack(0x000000001b540000,0x000000001b640000)]
  0x0000000019c8a000 JavaThread "Stdin handler" [_thread_blocked, id=2120, stack(0x000000001b240000,0x000000001b340000)]
  0x0000000019c89000 JavaThread "Asynchronous log dispatcher for DefaultDaemonConnection: socket connection from /127.0.0.1:53560 to /127.0.0.1:53561" [_thread_blocked, id=5476, stack(0x000000001b140000,0x000000001b240000)]
  0x0000000019c83800 JavaThread "Daemon worker" [_thread_in_vm, id=8476, stack(0x000000001b040000,0x000000001b140000)]
  0x0000000019eff800 JavaThread "Cancel handler" [_thread_blocked, id=11672, stack(0x000000001af40000,0x000000001b040000)]
  0x0000000018687800 JavaThread "Handler for socket connection from /127.0.0.1:53560 to /127.0.0.1:53561" [_thread_in_native, id=12756, stack(0x000000001ac40000,0x000000001ad40000)]
  0x0000000018684800 JavaThread "Daemon" [_thread_blocked, id=9448, stack(0x000000001ab40000,0x000000001ac40000)]
  0x0000000019c9d800 JavaThread "Daemon periodic checks" [_thread_blocked, id=3556, stack(0x000000001aa40000,0x000000001ab40000)]
  0x0000000019f24800 JavaThread "Incoming local TCP Connector on port 53560" [_thread_in_native, id=17356, stack(0x000000001a860000,0x000000001a960000)]
  0x0000000018402800 JavaThread "Service Thread" daemon [_thread_blocked, id=9968, stack(0x0000000018c70000,0x0000000018d70000)]
  0x0000000018387000 JavaThread "C1 CompilerThread2" daemon [_thread_blocked, id=7484, stack(0x0000000018b70000,0x0000000018c70000)]
=>0x0000000016fce800 JavaThread "C2 CompilerThread1" daemon [_thread_in_native, id=7660, stack(0x0000000018a70000,0x0000000018b70000)]
  0x0000000016fc9800 JavaThread "C2 CompilerThread0" daemon [_thread_in_native, id=4228, stack(0x0000000018970000,0x0000000018a70000)]
  0x0000000016f7d800 JavaThread "Attach Listener" daemon [_thread_blocked, id=104, stack(0x0000000018870000,0x0000000018970000)]
  0x00000000035be800 JavaThread "Signal Dispatcher" daemon [_thread_blocked, id=6716, stack(0x0000000018770000,0x0000000018870000)]
  0x0000000016f5e000 JavaThread "Finalizer" daemon [_thread_blocked, id=14008, stack(0x00000000181d0000,0x00000000182d0000)]
  0x00000000035b2000 JavaThread "Reference Handler" daemon [_thread_blocked, id=4164, stack(0x00000000180d0000,0x00000000181d0000)]
  0x00000000035de000 JavaThread "main" [_thread_blocked, id=8932, stack(0x0000000003060000,0x0000000003160000)]

Other Threads:
  0x0000000016f35800 VMThread [stack: 0x0000000017fd0000,0x00000000180d0000] [id=1832]
  0x0000000018413800 WatcherThread [stack: 0x0000000018d70000,0x0000000018e70000] [id=6660]

VM state:not at safepoint (normal execution)

VM Mutex/Monitor currently owned by a thread: None

Heap:
 PSYoungGen      total 123904K, used 52337K [0x00000000e0000000, 0x00000000ea780000, 0x0000000100000000)
  eden space 113152K, 36% used [0x00000000e0000000,0x00000000e28a3c50,0x00000000e6e80000)
  from space 10752K, 99% used [0x00000000e6e80000,0x00000000e78f8808,0x00000000e7900000)
  to   space 14336K, 0% used [0x00000000e9980000,0x00000000e9980000,0x00000000ea780000)
 ParOldGen       total 85504K, used 21131K [0x00000000a0000000, 0x00000000a5380000, 0x00000000e0000000)
  object space 85504K, 24% used [0x00000000a0000000,0x00000000a14a2cd0,0x00000000a5380000)
 Metaspace       used 51750K, capacity 53120K, committed 53208K, reserved 1095680K
  class space    used 7004K, capacity 7395K, committed 7424K, reserved 1048576K

Card table byte_map: [0x00000000129a0000,0x0000000012cb0000] byte_map_base: 0x00000000124a0000

Marking Bits: (ParMarkBitMap*) 0x000000005e765aa0
 Begin Bits: [0x00000000132b0000, 0x0000000014ab0000)
 End Bits:   [0x0000000014ab0000, 0x00000000162b0000)

Polling page: 0x00000000013a0000

CodeCache: size=245760Kb used=17202Kb max_used=17206Kb free=228557Kb
 bounds [0x00000000035e0000, 0x00000000046c0000, 0x00000000125e0000]
 total_blobs=5658 nmethods=4892 adapters=678
 compilation: enabled

Compilation events (10 events):
Event: 11.481 Thread 0x0000000016fc9800 nmethod 5210 0x0000000004693dd0 code [0x0000000004693f00, 0x0000000004693f58]
Event: 11.481 Thread 0x0000000016fc9800 5195       4       com.google.common.collect.ImmutableMapEntry$TerminalEntry::<init> (7 bytes)
Event: 11.482 Thread 0x0000000016fc9800 nmethod 5195 0x00000000046a9f10 code [0x00000000046aa040, 0x00000000046aa0f8]
Event: 11.490 Thread 0x0000000018387000 5221       3       org.gradle.api.internal.AbstractClassGenerator$ClassMetaData::actionMethodRequiresOverload (12 bytes)
Event: 11.490 Thread 0x0000000018387000 nmethod 5221 0x00000000046a9250 code [0x00000000046a93c0, 0x00000000046a95e8]
Event: 11.491 Thread 0x0000000016fc9800 5222       4       org.objectweb.asm.MethodWriter::visitMaxs (1150 bytes)
Event: 11.492 Thread 0x0000000018387000 5223       3       org.gradle.api.internal.AsmBackedClassGenerator$ClassBuilderImpl$11::<init> (10 bytes)
Event: 11.492 Thread 0x0000000018387000 nmethod 5223 0x00000000046b4d50 code [0x00000000046b4ea0, 0x00000000046b5070]
Event: 11.492 Thread 0x0000000018387000 5224       3       org.gradle.util.CollectionUtils::collectArray (20 bytes)
Event: 11.492 Thread 0x0000000018387000 nmethod 5224 0x00000000046b4790 code [0x00000000046b4920, 0x00000000046b4c18]

GC Heap History (10 events):
Event: 7.373 GC heap before
{Heap before GC invocations=9 (full 1):
 PSYoungGen      total 70656K, used 67131K [0x00000000e0000000, 0x00000000e6300000, 0x0000000100000000)
  eden space 60416K, 100% used [0x00000000e0000000,0x00000000e3b00000,0x00000000e3b00000)
  from space 10240K, 65% used [0x00000000e3b00000,0x00000000e418ee88,0x00000000e4500000)
  to   space 9728K, 0% used [0x00000000e5980000,0x00000000e5980000,0x00000000e6300000)
 ParOldGen       total 60416K, used 8240K [0x00000000a0000000, 0x00000000a3b00000, 0x00000000e0000000)
  object space 60416K, 13% used [0x00000000a0000000,0x00000000a080c1c8,0x00000000a3b00000)
 Metaspace       used 33058K, capacity 33728K, committed 33792K, reserved 1079296K
  class space    used 4627K, capacity 4860K, committed 4864K, reserved 1048576K
Event: 7.385 GC heap after
Heap after GC invocations=9 (full 1):
 PSYoungGen      total 90112K, used 9696K [0x00000000e0000000, 0x00000000e7080000, 0x0000000100000000)
  eden space 80384K, 0% used [0x00000000e0000000,0x00000000e0000000,0x00000000e4e80000)
  from space 9728K, 99% used [0x00000000e5980000,0x00000000e62f82c0,0x00000000e6300000)
  to   space 11264K, 0% used [0x00000000e4e80000,0x00000000e4e80000,0x00000000e5980000)
 ParOldGen       total 60416K, used 8713K [0x00000000a0000000, 0x00000000a3b00000, 0x00000000e0000000)
  object space 60416K, 14% used [0x00000000a0000000,0x00000000a0882740,0x00000000a3b00000)
 Metaspace       used 33058K, capacity 33728K, committed 33792K, reserved 1079296K
  class space    used 4627K, capacity 4860K, committed 4864K, reserved 1048576K
}
Event: 7.532 GC heap before
{Heap before GC invocations=10 (full 1):
 PSYoungGen      total 90112K, used 21479K [0x00000000e0000000, 0x00000000e7080000, 0x0000000100000000)
  eden space 80384K, 14% used [0x00000000e0000000,0x00000000e0b81d28,0x00000000e4e80000)
  from space 9728K, 99% used [0x00000000e5980000,0x00000000e62f82c0,0x00000000e6300000)
  to   space 11264K, 0% used [0x00000000e4e80000,0x00000000e4e80000,0x00000000e5980000)
 ParOldGen       total 60416K, used 8713K [0x00000000a0000000, 0x00000000a3b00000, 0x00000000e0000000)
  object space 60416K, 14% used [0x00000000a0000000,0x00000000a0882740,0x00000000a3b00000)
 Metaspace       used 34534K, capacity 35200K, committed 35416K, reserved 1079296K
  class space    used 4789K, capacity 4988K, committed 4992K, reserved 1048576K
Event: 7.544 GC heap after
Heap after GC invocations=10 (full 1):
 PSYoungGen      total 91648K, used 6474K [0x00000000e0000000, 0x00000000e8600000, 0x0000000100000000)
  eden space 80384K, 0% used [0x00000000e0000000,0x00000000e0000000,0x00000000e4e80000)
  from space 11264K, 57% used [0x00000000e4e80000,0x00000000e54d2a48,0x00000000e5980000)
  to   space 10752K, 0% used [0x00000000e7b80000,0x00000000e7b80000,0x00000000e8600000)
 ParOldGen       total 60416K, used 10473K [0x00000000a0000000, 0x00000000a3b00000, 0x00000000e0000000)
  object space 60416K, 17% used [0x00000000a0000000,0x00000000a0a3a7e0,0x00000000a3b00000)
 Metaspace       used 34534K, capacity 35200K, committed 35416K, reserved 1079296K
  class space    used 4789K, capacity 4988K, committed 4992K, reserved 1048576K
}
Event: 7.544 GC heap before
{Heap before GC invocations=11 (full 2):
 PSYoungGen      total 91648K, used 6474K [0x00000000e0000000, 0x00000000e8600000, 0x0000000100000000)
  eden space 80384K, 0% used [0x00000000e0000000,0x00000000e0000000,0x00000000e4e80000)
  from space 11264K, 57% used [0x00000000e4e80000,0x00000000e54d2a48,0x00000000e5980000)
  to   space 10752K, 0% used [0x00000000e7b80000,0x00000000e7b80000,0x00000000e8600000)
 ParOldGen       total 60416K, used 10473K [0x00000000a0000000, 0x00000000a3b00000, 0x00000000e0000000)
  object space 60416K, 17% used [0x00000000a0000000,0x00000000a0a3a7e0,0x00000000a3b00000)
 Metaspace       used 34534K, capacity 35200K, committed 35416K, reserved 1079296K
  class space    used 4789K, capacity 4988K, committed 4992K, reserved 1048576K
Event: 7.633 GC heap after
Heap after GC invocations=11 (full 2):
 PSYoungGen      total 91648K, used 0K [0x00000000e0000000, 0x00000000e8600000, 0x0000000100000000)
  eden space 80384K, 0% used [0x00000000e0000000,0x00000000e0000000,0x00000000e4e80000)
  from space 11264K, 0% used [0x00000000e4e80000,0x00000000e4e80000,0x00000000e5980000)
  to   space 10752K, 0% used [0x00000000e7b80000,0x00000000e7b80000,0x00000000e8600000)
 ParOldGen       total 85504K, used 14867K [0x00000000a0000000, 0x00000000a5380000, 0x00000000e0000000)
  object space 85504K, 17% used [0x00000000a0000000,0x00000000a0e84de0,0x00000000a5380000)
 Metaspace       used 34534K, capacity 35200K, committed 35416K, reserved 1079296K
  class space    used 4789K, capacity 4988K, committed 4992K, reserved 1048576K
}
Event: 8.758 GC heap before
{Heap before GC invocations=12 (full 2):
 PSYoungGen      total 91648K, used 80384K [0x00000000e0000000, 0x00000000e8600000, 0x0000000100000000)
  eden space 80384K, 100% used [0x00000000e0000000,0x00000000e4e80000,0x00000000e4e80000)
  from space 11264K, 0% used [0x00000000e4e80000,0x00000000e4e80000,0x00000000e5980000)
  to   space 10752K, 0% used [0x00000000e7b80000,0x00000000e7b80000,0x00000000e8600000)
 ParOldGen       total 85504K, used 14867K [0x00000000a0000000, 0x00000000a5380000, 0x00000000e0000000)
  object space 85504K, 17% used [0x00000000a0000000,0x00000000a0e84de0,0x00000000a5380000)
 Metaspace       used 39288K, capacity 40018K, committed 40408K, reserved 1083392K
  class space    used 5359K, capacity 5589K, committed 5632K, reserved 1048576K
Event: 8.771 GC heap after
Heap after GC invocations=12 (full 2):
 PSYoungGen      total 116224K, used 8002K [0x00000000e0000000, 0x00000000e8380000, 0x0000000100000000)
  eden space 108032K, 0% used [0x00000000e0000000,0x00000000e0000000,0x00000000e6980000)
  from space 8192K, 97% used [0x00000000e7b80000,0x00000000e8350bb8,0x00000000e8380000)
  to   space 10752K, 0% used [0x00000000e6e80000,0x00000000e6e80000,0x00000000e7900000)
 ParOldGen       total 85504K, used 14875K [0x00000000a0000000, 0x00000000a5380000, 0x00000000e0000000)
  object space 85504K, 17% used [0x00000000a0000000,0x00000000a0e86de0,0x00000000a5380000)
 Metaspace       used 39288K, capacity 40018K, committed 40408K, reserved 1083392K
  class space    used 5359K, capacity 5589K, committed 5632K, reserved 1048576K
}
Event: 10.659 GC heap before
{Heap before GC invocations=13 (full 2):
 PSYoungGen      total 116224K, used 116034K [0x00000000e0000000, 0x00000000e8380000, 0x0000000100000000)
  eden space 108032K, 100% used [0x00000000e0000000,0x00000000e6980000,0x00000000e6980000)
  from space 8192K, 97% used [0x00000000e7b80000,0x00000000e8350bb8,0x00000000e8380000)
  to   space 10752K, 0% used [0x00000000e6e80000,0x00000000e6e80000,0x00000000e7900000)
 ParOldGen       total 85504K, used 14875K [0x00000000a0000000, 0x00000000a5380000, 0x00000000e0000000)
  object space 85504K, 17% used [0x00000000a0000000,0x00000000a0e86de0,0x00000000a5380000)
 Metaspace       used 47673K, capacity 48552K, committed 48728K, reserved 1091584K
  class space    used 6412K, capacity 6707K, committed 6784K, reserved 1048576K
Event: 10.680 GC heap after
Heap after GC invocations=13 (full 2):
 PSYoungGen      total 123904K, used 10722K [0x00000000e0000000, 0x00000000ea780000, 0x0000000100000000)
  eden space 113152K, 0% used [0x00000000e0000000,0x00000000e0000000,0x00000000e6e80000)
  from space 10752K, 99% used [0x00000000e6e80000,0x00000000e78f8808,0x00000000e7900000)
  to   space 14336K, 0% used [0x00000000e9980000,0x00000000e9980000,0x00000000ea780000)
 ParOldGen       total 85504K, used 21131K [0x00000000a0000000, 0x00000000a5380000, 0x00000000e0000000)
  object space 85504K, 24% used [0x00000000a0000000,0x00000000a14a2cd0,0x00000000a5380000)
 Metaspace       used 47673K, capacity 48552K, committed 48728K, reserved 1091584K
  class space    used 6412K, capacity 6707K, committed 6784K, reserved 1048576K
}

Deoptimization events (10 events):
Event: 10.228 Thread 0x0000000019c83800 Uncommon trap: reason=unstable_if action=reinterpret pc=0x0000000003b37ad4 method=java.util.WeakHashMap.remove(Ljava/lang/Object;)Ljava/lang/Object; @ 94
Event: 10.255 Thread 0x0000000019c83800 Uncommon trap: reason=unstable_if action=reinterpret pc=0x0000000003ea2ee8 method=java.util.regex.Pattern$BmpCharProperty.match(Ljava/util/regex/Matcher;ILjava/lang/CharSequence;)Z @ 34
Event: 10.624 Thread 0x0000000019c83800 Uncommon trap: reason=unstable_if action=reinterpret pc=0x000000000448e80c method=com.sun.org.apache.xerces.internal.impl.io.UTF8Reader.read([CII)I @ 131
Event: 10.625 Thread 0x0000000019c83800 Uncommon trap: reason=unstable_if action=reinterpret pc=0x000000000447a2a8 method=com.sun.org.apache.xerces.internal.impl.io.UTF8Reader.read([CII)I @ 131
Event: 10.626 Thread 0x0000000019c83800 Uncommon trap: reason=unstable_if action=reinterpret pc=0x00000000044770f8 method=java.util.regex.Pattern$BitClass.isSatisfiedBy(I)Z @ 4
Event: 10.626 Thread 0x0000000019c83800 Uncommon trap: reason=unstable_if action=reinterpret pc=0x0000000004412ccc method=java.util.regex.Pattern$Ctype.isSatisfiedBy(I)Z @ 4
Event: 10.868 Thread 0x0000000019c83800 Uncommon trap: reason=unstable_if action=reinterpret pc=0x0000000004429518 method=com.sun.org.apache.xerces.internal.impl.XMLEntityScanner.scanContent(Lcom/sun/org/apache/xerces/internal/xni/XMLString;)I @ 44
Event: 10.869 Thread 0x0000000019c83800 Uncommon trap: reason=unstable_if action=reinterpret pc=0x00000000043e0834 method=com.sun.org.apache.xerces.internal.impl.XMLEntityScanner.checkBeforeLoad(Lcom/sun/xml/internal/stream/Entity$ScannedEntity;II)I @ 18
Event: 11.279 Thread 0x0000000019c83800 Uncommon trap: reason=class_check action=maybe_recompile pc=0x0000000003ecdabc method=java.io.BufferedInputStream.read1([BII)I @ 39
Event: 11.279 Thread 0x0000000019c83800 Uncommon trap: reason=class_check action=maybe_recompile pc=0x0000000003dccad8 method=java.io.BufferedInputStream.read1([BII)I @ 39

Classes redefined (0 events):
No events

Internal exceptions (10 events):
Event: 10.814 Thread 0x0000000019c83800 Exception <a 'sun/nio/fs/WindowsException'> (0x00000000e04dba30) thrown at [D:\src\AOSP-openjdk-cygwin\jdk8u\hotspot\src\share\vm\prims\jni.cpp, line 709]
Event: 10.815 Thread 0x0000000019c83800 Exception <a 'sun/nio/fs/WindowsException'> (0x00000000e04de760) thrown at [D:\src\AOSP-openjdk-cygwin\jdk8u\hotspot\src\share\vm\prims\jni.cpp, line 709]
Event: 10.815 Thread 0x0000000019c83800 Exception <a 'sun/nio/fs/WindowsException'> (0x00000000e04df3b0) thrown at [D:\src\AOSP-openjdk-cygwin\jdk8u\hotspot\src\share\vm\prims\jni.cpp, line 709]
Event: 10.815 Thread 0x0000000019c83800 Exception <a 'sun/nio/fs/WindowsException'> (0x00000000e04e1040) thrown at [D:\src\AOSP-openjdk-cygwin\jdk8u\hotspot\src\share\vm\prims\jni.cpp, line 709]
Event: 10.815 Thread 0x0000000019c83800 Exception <a 'sun/nio/fs/WindowsException'> (0x00000000e04e1cc8) thrown at [D:\src\AOSP-openjdk-cygwin\jdk8u\hotspot\src\share\vm\prims\jni.cpp, line 709]
Event: 10.907 Thread 0x0000000019c83800 Exception <a 'java/lang/NoSuchMethodError': java.lang.Object.lambda$comparing$77a9974f$1(Ljava/util/function/Function;Ljava/lang/Object;Ljava/lang/Object;)I> (0x00000000e06a7ed0) thrown at [D:\src\AOSP-openjdk-cygwin\jdk8u\hotspot\src\share\vm\interpreter
Event: 10.908 Thread 0x0000000019c83800 Exception <a 'java/lang/NoSuchMethodError': java.lang.Object.lambda$thenComparing$36697e65$1(Ljava/util/Comparator;Ljava/lang/Object;Ljava/lang/Object;)I> (0x00000000e06b3550) thrown at [D:\src\AOSP-openjdk-cygwin\jdk8u\hotspot\src\share\vm\interpreter\li
Event: 10.934 Thread 0x0000000019c83800 Exception <a 'java/lang/NoSuchMethodError': java.lang.Object.lambda$maxBy$1(Ljava/util/Comparator;Ljava/lang/Object;Ljava/lang/Object;)Ljava/lang/Object;> (0x00000000e07fe908) thrown at [D:\src\AOSP-openjdk-cygwin\jdk8u\hotspot\src\share\vm\interpreter\li
Event: 11.082 Thread 0x0000000019c83800 Exception <a 'java/lang/ClassNotFoundException': org/gradle/api/plugins/BasePluginConventionBeanInfo> (0x00000000e0e63448) thrown at [D:\src\AOSP-openjdk-cygwin\jdk8u\hotspot\src\share\vm\classfile\systemDictionary.cpp, line 210]
Event: 11.083 Thread 0x0000000019c83800 Exception <a 'java/lang/ClassNotFoundException': org/gradle/api/plugins/BasePluginConventionCustomizer> (0x00000000e0e87d98) thrown at [D:\src\AOSP-openjdk-cygwin\jdk8u\hotspot\src\share\vm\classfile\systemDictionary.cpp, line 210]

Events (10 events):
Event: 11.487 loading class org/gradle/api/internal/file/archive/compression/ArchiveOutputStreamFactory
Event: 11.487 loading class org/gradle/api/internal/file/archive/compression/ArchiveOutputStreamFactory done
Event: 11.488 loading class org/gradle/api/tasks/bundling/ZipEntryCompression
Event: 11.488 loading class org/gradle/api/tasks/bundling/ZipEntryCompression done
Event: 11.495 loading class org/gradle/api/java/archives/internal/DefaultManifest
Event: 11.495 loading class org/gradle/api/java/archives/internal/DefaultManifest done
Event: 11.496 loading class org/gradle/api/java/archives/internal/ManifestInternal
Event: 11.496 loading class org/gradle/api/java/archives/internal/ManifestInternal done
Event: 11.497 loading class org/gradle/api/java/archives/Attributes
Event: 11.497 loading class org/gradle/api/java/archives/Attributes done


Dynamic libraries:
0x00007ff620fd0000 - 0x00007ff621001000 	C:\Program Files\Android\Android Studio\jre\bin\java.exe
0x00007ffb69010000 - 0x00007ffb691f1000 	C:\WINDOWS\SYSTEM32\ntdll.dll
0x00007ffb66520000 - 0x00007ffb665d2000 	C:\WINDOWS\System32\KERNEL32.DLL
0x00007ffb66160000 - 0x00007ffb663d3000 	C:\WINDOWS\System32\KERNELBASE.dll
0x00007ffb67cb0000 - 0x00007ffb67d51000 	C:\WINDOWS\System32\ADVAPI32.dll
0x00007ffb67f50000 - 0x00007ffb67fee000 	C:\WINDOWS\System32\msvcrt.dll
0x00007ffb67d70000 - 0x00007ffb67dcb000 	C:\WINDOWS\System32\sechost.dll
0x00007ffb683a0000 - 0x00007ffb684c4000 	C:\WINDOWS\System32\RPCRT4.dll
0x00007ffb68210000 - 0x00007ffb683a0000 	C:\WINDOWS\System32\USER32.dll
0x00007ffb66480000 - 0x00007ffb664a0000 	C:\WINDOWS\System32\win32u.dll
0x00007ffb665e0000 - 0x00007ffb66608000 	C:\WINDOWS\System32\GDI32.dll
0x00007ffb65fc0000 - 0x00007ffb66152000 	C:\WINDOWS\System32\gdi32full.dll
0x00007ffb663e0000 - 0x00007ffb6647f000 	C:\WINDOWS\System32\msvcp_win.dll
0x00007ffb65ba0000 - 0x00007ffb65c9a000 	C:\WINDOWS\System32\ucrtbase.dll
0x00007ffb4e960000 - 0x00007ffb4ebc9000 	C:\WINDOWS\WinSxS\amd64_microsoft.windows.common-controls_6595b64144ccf1df_6.0.17134.407_none_fb449d63306391e9\COMCTL32.dll
0x00007ffb684d0000 - 0x00007ffb687f2000 	C:\WINDOWS\System32\combase.dll
0x00007ffb65f40000 - 0x00007ffb65fba000 	C:\WINDOWS\System32\bcryptPrimitives.dll
0x00007ffb68f30000 - 0x00007ffb68f5d000 	C:\WINDOWS\System32\IMM32.DLL
0x000000005f7c0000 - 0x000000005f892000 	C:\Program Files\Android\Android Studio\jre\jre\bin\msvcr100.dll
0x000000005dfa0000 - 0x000000005e7e1000 	C:\Program Files\Android\Android Studio\jre\jre\bin\server\jvm.dll
0x00007ffb68f60000 - 0x00007ffb68f68000 	C:\WINDOWS\System32\PSAPI.DLL
0x00007ffb58590000 - 0x00007ffb5859a000 	C:\WINDOWS\SYSTEM32\VERSION.dll
0x00007ffb63f70000 - 0x00007ffb63f79000 	C:\WINDOWS\SYSTEM32\WSOCK32.dll
0x00007ffb60400000 - 0x00007ffb60423000 	C:\WINDOWS\SYSTEM32\WINMM.dll
0x00007ffb68f70000 - 0x00007ffb68fdc000 	C:\WINDOWS\System32\WS2_32.dll
0x00007ffb603d0000 - 0x00007ffb603fa000 	C:\WINDOWS\SYSTEM32\winmmbase.dll
0x00007ffb65ef0000 - 0x00007ffb65f39000 	C:\WINDOWS\System32\cfgmgr32.dll
0x00007ffb605b0000 - 0x00007ffb605bf000 	C:\Program Files\Android\Android Studio\jre\jre\bin\verify.dll
0x00007ffb53560000 - 0x00007ffb53589000 	C:\Program Files\Android\Android Studio\jre\jre\bin\java.dll
0x00007ffb54f20000 - 0x00007ffb54f36000 	C:\Program Files\Android\Android Studio\jre\jre\bin\zip.dll
0x00007ffb66870000 - 0x00007ffb67caf000 	C:\WINDOWS\System32\SHELL32.dll
0x00007ffb68810000 - 0x00007ffb688b9000 	C:\WINDOWS\System32\shcore.dll
0x00007ffb653e0000 - 0x00007ffb65aed000 	C:\WINDOWS\System32\windows.storage.dll
0x00007ffb66610000 - 0x00007ffb66661000 	C:\WINDOWS\System32\shlwapi.dll
0x00007ffb653a0000 - 0x00007ffb653b1000 	C:\WINDOWS\System32\kernel.appcore.dll
0x00007ffb65320000 - 0x00007ffb6533f000 	C:\WINDOWS\System32\profapi.dll
0x00007ffb65340000 - 0x00007ffb6538c000 	C:\WINDOWS\System32\powrprof.dll
0x00007ffb65390000 - 0x00007ffb6539a000 	C:\WINDOWS\System32\FLTLIB.DLL
0x00007ffb54ea0000 - 0x00007ffb54eba000 	C:\Program Files\Android\Android Studio\jre\jre\bin\net.dll
0x00007ffb64ba0000 - 0x00007ffb64c06000 	C:\WINDOWS\system32\mswsock.dll
0x00007ffb504d0000 - 0x00007ffb504e1000 	C:\Program Files\Android\Android Studio\jre\jre\bin\nio.dll
0x00007ffb58f90000 - 0x00007ffb58fae000 	C:\Users\user\.gradle\native\25\windows-amd64\native-platform.dll
0x00007ffb60000000 - 0x00007ffb6000d000 	C:\Program Files\Android\Android Studio\jre\jre\bin\management.dll
0x00007ffb64d50000 - 0x00007ffb64d67000 	C:\WINDOWS\SYSTEM32\CRYPTSP.dll
0x00007ffb64780000 - 0x00007ffb647b3000 	C:\WINDOWS\system32\rsaenh.dll
0x00007ffb64e80000 - 0x00007ffb64ea5000 	C:\WINDOWS\SYSTEM32\bcrypt.dll
0x00007ffb65220000 - 0x00007ffb65248000 	C:\WINDOWS\SYSTEM32\USERENV.dll
0x00007ffb64d70000 - 0x00007ffb64d7b000 	C:\WINDOWS\SYSTEM32\CRYPTBASE.dll
0x00007ffb64920000 - 0x00007ffb64958000 	C:\WINDOWS\SYSTEM32\IPHLPAPI.DLL
0x00007ffb67d60000 - 0x00007ffb67d68000 	C:\WINDOWS\System32\NSI.dll
0x00007ffb5b0b0000 - 0x00007ffb5b0c6000 	C:\WINDOWS\SYSTEM32\dhcpcsvc6.DLL
0x00007ffb5b200000 - 0x00007ffb5b21a000 	C:\WINDOWS\SYSTEM32\dhcpcsvc.DLL

VM Arguments:
jvm_args: -Xmx1536m -Dfile.encoding=x-windows-949 -Duser.country=KR -Duser.language=ko -Duser.variant 
java_command: org.gradle.launcher.daemon.bootstrap.GradleDaemon 4.6
java_class_path (initial): C:\Users\user\.gradle\wrapper\dists\gradle-4.6-all\bcst21l2brirad8k2ben1letg\gradle-4.6\lib\gradle-launcher-4.6.jar
Launcher Type: SUN_STANDARD

Environment Variables:
JAVA_HOME=C:\Program Files\Java\jdk1.8.0_131
PATH=C:\Program Files (x86)\Common Files\Oracle\Java\javapath;C:\ProgramData\Oracle\Java\javapath;C:\Program Files (x86)\Intel\iCLS Client\;C:\Program Files\Intel\iCLS Client\;C:\WINDOWS\system32;C:\WINDOWS;C:\WINDOWS\System32\Wbem;C:\WINDOWS\System32\WindowsPowerShell\v1.0\;C:\Program Files (x86)\Intel\Intel(R) Management Engine Components\DAL;C:\Program Files\Intel\Intel(R) Management Engine Components\DAL;C:\Program Files (x86)\Intel\Intel(R) Management Engine Components\IPT;C:\Program Files\Intel\Intel(R) Management Engine Components\IPT;C:\Program Files (x86)\Microsoft SQL Server\100\Tools\Binn\;C:\Program Files\Microsoft SQL Server\100\Tools\Binn\;C:\Program Files\Microsoft SQL Server\100\DTS\Binn\;C:\Program Files\Java\jdk1.8.0_131\bin;C:\Program Files\Microsoft SQL Server\130\Tools\Binn\;C:\Program Files (x86)\Windows Kits\10\Windows Performance Toolkit\;C:\Program Files\Microsoft SQL Server\120\Tools\Binn\;C:\WINDOWS\system32\config\systemprofile\.dnx\bin;C:\Program Files\Microsoft DNX\Dnvm\;C:\Program Files\Intel\WiFi\bin\;C:\Program Files\Common Files\Intel\WirelessCommon\;C:\WINDOWS\System32\OpenSSH\;C:\Program Files\Git\cmd;C:\Users\user\AppData\Local\Programs\Python\Python36\Scripts\;C:\Users\user\AppData\Local\Programs\Python\Python36\;C:\Program Files\Intel\WiFi\bin\;C:\Program Files\Common Files\Intel\WirelessCommon\;C:\Users\user\AppData\Local\Microsoft\WindowsApps;C:\Users\user\AppData\Local\atom\bin;C:\Program Files (x86)\ESTsoft\ALSee\x64
USERNAME=user
OS=Windows_NT
PROCESSOR_IDENTIFIER=Intel64 Family 6 Model 78 Stepping 3, GenuineIntel



---------------  S Y S T E M  ---------------

OS: Windows 10.0 , 64 bit Build 17134 (10.0.17134.1)

CPU:total 4 (initial active 4) (2 cores per cpu, 2 threads per core) family 6 model 78 stepping 3, cmov, cx8, fxsr, mmx, sse, sse2, sse3, ssse3, sse4.1, sse4.2, popcnt, avx, avx2, aes, clmul, erms, 3dnowpref, lzcnt, ht, tsc, tscinvbit, bmi1, bmi2, adx

Memory: 4k page, physical 8302644k(1016252k free), swap 8302644k(6332k free)

vm_info: OpenJDK 64-Bit Server VM (25.152-b06) for windows-amd64 JRE (1.8.0_152-release-1136-b06), built by "builder" with MS VC++ 10.0 (VS2010)

time: Mon Nov 26 18:32:45 2018
elapsed time: 11 seconds (0d 0h 0m 11s)

