#
# There is insufficient memory for the Java Runtime Environment to continue.
# Native memory allocation (malloc) failed to allocate 791536 bytes for Chunk::new
# Possible reasons:
#   The system is out of physical RAM or swap space
#   In 32 bit mode, the process size limit was hit
# Possible solutions:
#   Reduce memory load on the system
#   Increase physical memory or swap space
#   Check if swap backing store is full
#   Use 64 bit Java on a 64 bit OS
#   Decrease Java heap size (-Xmx/-Xms)
#   Decrease number of Java threads
#   Decrease Java thread stack sizes (-Xss)
#   Set larger code cache with -XX:ReservedCodeCacheSize=
# This output file may be truncated or incomplete.
#
#  Out of Memory Error (allocation.cpp:390), pid=2708, tid=0x0000000000004dd0
#
# JRE version: OpenJDK Runtime Environment (8.0_152-b06) (build 1.8.0_152-release-1136-b06)
# Java VM: OpenJDK 64-Bit Server VM (25.152-b06 mixed mode windows-amd64 compressed oops)
# Failed to write core dump. Minidumps are not enabled by default on client versions of Windows
#

---------------  T H R E A D  ---------------

Current thread (0x00000000164ed800):  JavaThread "C2 CompilerThread1" daemon [_thread_in_native, id=19920, stack(0x0000000017ef0000,0x0000000017ff0000)]

Stack: [0x0000000017ef0000,0x0000000017ff0000]
[error occurred during error reporting (printing stack bounds), id 0xc0000005]

Native frames: (J=compiled Java code, j=interpreted, Vv=VM code, C=native code)


Current CompileTask:
C2:   8768 3489       4       org.gradle.model.internal.type.ModelType::wrap (219 bytes)


---------------  P R O C E S S  ---------------

Java Threads: ( => current thread )
  0x000000001c1e8000 JavaThread "Memory manager" [_thread_blocked, id=20332, stack(0x000000001fcd0000,0x000000001fdd0000)]
  0x000000001c1e6000 JavaThread "Build operations Thread 4" [_thread_blocked, id=17992, stack(0x000000001fbd0000,0x000000001fcd0000)]
  0x000000001c1e2000 JavaThread "Build operations Thread 3" [_thread_blocked, id=19800, stack(0x000000001fad0000,0x000000001fbd0000)]
  0x000000001c1e5000 JavaThread "Build operations Thread 2" [_thread_blocked, id=10304, stack(0x000000001f730000,0x000000001f830000)]
  0x000000001c1e9000 JavaThread "Build operations" [_thread_blocked, id=18036, stack(0x000000001f630000,0x000000001f730000)]
  0x000000001c1e3800 JavaThread "Cache worker for Artifact transforms cache (C:\Users\user\.gradle\caches\transforms-1)" [_thread_blocked, id=11032, stack(0x000000001f230000,0x000000001f330000)]
  0x000000001af08800 JavaThread "Cache worker for file hash cache (C:\Users\user\AndroidStudioProjects\BeVeCo2\.gradle\4.6\fileHashes)" [_thread_blocked, id=18404, stack(0x000000001bb70000,0x000000001bc70000)]
  0x00000000192ad000 JavaThread "File lock request listener" [_thread_in_native, id=9368, stack(0x000000001aaa0000,0x000000001aba0000)]
  0x00000000192b0800 JavaThread "Cache worker for file hash cache (C:\Users\user\.gradle\caches\4.6\fileHashes)" [_thread_blocked, id=7096, stack(0x000000001a9a0000,0x000000001aaa0000)]
  0x00000000190af000 JavaThread "Stdin handler" [_thread_blocked, id=16420, stack(0x000000001a6a0000,0x000000001a7a0000)]
  0x00000000190ae000 JavaThread "Asynchronous log dispatcher for DefaultDaemonConnection: socket connection from /127.0.0.1:53597 to /127.0.0.1:53598" [_thread_blocked, id=9712, stack(0x000000001a5a0000,0x000000001a6a0000)]
  0x00000000190aa800 JavaThread "Daemon worker" [_thread_in_vm, id=18972, stack(0x000000001a4a0000,0x000000001a5a0000)]
  0x00000000190a9000 JavaThread "Cancel handler" [_thread_blocked, id=14904, stack(0x000000001a3a0000,0x000000001a4a0000)]
  0x0000000019089000 JavaThread "Handler for socket connection from /127.0.0.1:53597 to /127.0.0.1:53598" [_thread_in_native, id=10828, stack(0x000000001a0a0000,0x000000001a1a0000)]
  0x0000000017af4800 JavaThread "Daemon" [_thread_blocked, id=2072, stack(0x0000000019fa0000,0x000000001a0a0000)]
  0x0000000019063000 JavaThread "Daemon periodic checks" [_thread_blocked, id=20448, stack(0x0000000019ea0000,0x0000000019fa0000)]
  0x000000001940f800 JavaThread "Incoming local TCP Connector on port 53597" [_thread_in_native, id=772, stack(0x0000000019cc0000,0x0000000019dc0000)]
  0x000000001786b800 JavaThread "Service Thread" daemon [_thread_blocked, id=8372, stack(0x00000000180f0000,0x00000000181f0000)]
  0x0000000017832000 JavaThread "C1 CompilerThread2" daemon [_thread_blocked, id=11160, stack(0x0000000017ff0000,0x00000000180f0000)]
=>0x00000000164ed800 JavaThread "C2 CompilerThread1" daemon [_thread_in_native, id=19920, stack(0x0000000017ef0000,0x0000000017ff0000)]
  0x00000000164e9800 JavaThread "C2 CompilerThread0" daemon [_thread_in_native, id=7412, stack(0x0000000017df0000,0x0000000017ef0000)]
  0x000000001649d800 JavaThread "Attach Listener" daemon [_thread_blocked, id=14020, stack(0x0000000017cf0000,0x0000000017df0000)]
  0x0000000002b1e800 JavaThread "Signal Dispatcher" daemon [_thread_blocked, id=4016, stack(0x0000000017bf0000,0x0000000017cf0000)]
  0x000000001647e000 JavaThread "Finalizer" daemon [_thread_blocked, id=20204, stack(0x00000000176f0000,0x00000000177f0000)]
  0x0000000002b12000 JavaThread "Reference Handler" daemon [_thread_blocked, id=11680, stack(0x00000000175f0000,0x00000000176f0000)]
  0x0000000002a1e000 JavaThread "main" [_thread_blocked, id=8140, stack(0x0000000002860000,0x0000000002960000)]

Other Threads:
  0x0000000016455800 VMThread [stack: 0x00000000174f0000,0x00000000175f0000] [id=3216]
  0x000000001787c800 WatcherThread [stack: 0x00000000181f0000,0x00000000182f0000] [id=18800]

VM state:not at safepoint (normal execution)

VM Mutex/Monitor currently owned by a thread: None

Heap:
 PSYoungGen      total 101376K, used 51732K [0x00000000e0000000, 0x00000000e6e00000, 0x0000000100000000)
  eden space 91136K, 56% used [0x00000000e0000000,0x00000000e32852b8,0x00000000e5900000)
  from space 10240K, 0% used [0x00000000e6380000,0x00000000e6380000,0x00000000e6d80000)
  to   space 10752K, 0% used [0x00000000e5900000,0x00000000e5900000,0x00000000e6380000)
 ParOldGen       total 96256K, used 16216K [0x00000000a0000000, 0x00000000a5e00000, 0x00000000e0000000)
  object space 96256K, 16% used [0x00000000a0000000,0x00000000a0fd62c0,0x00000000a5e00000)
 Metaspace       used 37050K, capacity 37720K, committed 38104K, reserved 1081344K
  class space    used 5079K, capacity 5296K, committed 5376K, reserved 1048576K

Card table byte_map: [0x0000000011ee0000,0x00000000121f0000] byte_map_base: 0x00000000119e0000

Marking Bits: (ParMarkBitMap*) 0x000000005e765aa0
 Begin Bits: [0x00000000127f0000, 0x0000000013ff0000)
 End Bits:   [0x0000000013ff0000, 0x00000000157f0000)

Polling page: 0x0000000000700000

CodeCache: size=245760Kb used=11514Kb max_used=11514Kb free=234245Kb
 bounds [0x0000000002b20000, 0x0000000003670000, 0x0000000011b20000]
 total_blobs=4049 nmethods=3337 adapters=624
 compilation: enabled

Compilation events (10 events):
Event: 8.758 Thread 0x0000000017832000 3634       1       org.gradle.model.internal.type.TypeVariableTypeWrapper::getName (5 bytes)
Event: 8.758 Thread 0x0000000017832000 nmethod 3634 0x00000000036647d0 code [0x0000000003664920, 0x0000000003664a30]
Event: 8.758 Thread 0x0000000017832000 3640       3       org.gradle.model.internal.registry.ModelBinding::isBound (13 bytes)
Event: 8.758 Thread 0x0000000017832000 nmethod 3640 0x0000000003664a90 code [0x0000000003664be0, 0x0000000003664d90]
Event: 8.759 Thread 0x0000000017832000 3641       1       org.gradle.model.internal.core.ModelActionRole::isSubjectViewAvailable (5 bytes)
Event: 8.759 Thread 0x0000000017832000 nmethod 3641 0x0000000003664e10 code [0x0000000003664f60, 0x0000000003665070]
Event: 8.759 Thread 0x0000000017832000 3643       3       org.gradle.model.internal.registry.RuleBinder::isBound (32 bytes)
Event: 8.759 Thread 0x0000000017832000 nmethod 3643 0x00000000036650d0 code [0x0000000003665240, 0x0000000003665648]
Event: 8.759 Thread 0x0000000017832000 3642       1       org.gradle.model.internal.core.ModelActionRole::getTargetState (5 bytes)
Event: 8.759 Thread 0x0000000017832000 nmethod 3642 0x0000000003665750 code [0x00000000036658a0, 0x00000000036659b0]

GC Heap History (10 events):
Event: 3.910 GC heap before
{Heap before GC invocations=6 (full 1):
 PSYoungGen      total 71680K, used 5113K [0x00000000e0000000, 0x00000000e4b00000, 0x0000000100000000)
  eden space 66560K, 0% used [0x00000000e0000000,0x00000000e0000000,0x00000000e4100000)
  from space 5120K, 99% used [0x00000000e4100000,0x00000000e45fe650,0x00000000e4600000)
  to   space 5120K, 0% used [0x00000000e4600000,0x00000000e4600000,0x00000000e4b00000)
 ParOldGen       total 87552K, used 8713K [0x00000000a0000000, 0x00000000a5580000, 0x00000000e0000000)
  object space 87552K, 9% used [0x00000000a0000000,0x00000000a0882438,0x00000000a5580000)
 Metaspace       used 20726K, capacity 21160K, committed 21248K, reserved 1067008K
  class space    used 2887K, capacity 3044K, committed 3072K, reserved 1048576K
Event: 3.973 GC heap after
Heap after GC invocations=6 (full 1):
 PSYoungGen      total 71680K, used 0K [0x00000000e0000000, 0x00000000e4b00000, 0x0000000100000000)
  eden space 66560K, 0% used [0x00000000e0000000,0x00000000e0000000,0x00000000e4100000)
  from space 5120K, 0% used [0x00000000e4100000,0x00000000e4100000,0x00000000e4600000)
  to   space 5120K, 0% used [0x00000000e4600000,0x00000000e4600000,0x00000000e4b00000)
 ParOldGen       total 60928K, used 8226K [0x00000000a0000000, 0x00000000a3b80000, 0x00000000e0000000)
  object space 60928K, 13% used [0x00000000a0000000,0x00000000a08088b0,0x00000000a3b80000)
 Metaspace       used 20726K, capacity 21160K, committed 21248K, reserved 1067008K
  class space    used 2887K, capacity 3044K, committed 3072K, reserved 1048576K
}
Event: 5.131 GC heap before
{Heap before GC invocations=7 (full 1):
 PSYoungGen      total 71680K, used 66560K [0x00000000e0000000, 0x00000000e4b00000, 0x0000000100000000)
  eden space 66560K, 100% used [0x00000000e0000000,0x00000000e4100000,0x00000000e4100000)
  from space 5120K, 0% used [0x00000000e4100000,0x00000000e4100000,0x00000000e4600000)
  to   space 5120K, 0% used [0x00000000e4600000,0x00000000e4600000,0x00000000e4b00000)
 ParOldGen       total 60928K, used 8226K [0x00000000a0000000, 0x00000000a3b80000, 0x00000000e0000000)
  object space 60928K, 13% used [0x00000000a0000000,0x00000000a08088b0,0x00000000a3b80000)
 Metaspace       used 26609K, capacity 27106K, committed 27392K, reserved 1073152K
  class space    used 3643K, capacity 3801K, committed 3840K, reserved 1048576K
Event: 5.139 GC heap after
Heap after GC invocations=7 (full 1):
 PSYoungGen      total 67072K, used 5089K [0x00000000e0000000, 0x00000000e7580000, 0x0000000100000000)
  eden space 61952K, 0% used [0x00000000e0000000,0x00000000e0000000,0x00000000e3c80000)
  from space 5120K, 99% used [0x00000000e4600000,0x00000000e4af8558,0x00000000e4b00000)
  to   space 9728K, 0% used [0x00000000e3c80000,0x00000000e3c80000,0x00000000e4600000)
 ParOldGen       total 60928K, used 10256K [0x00000000a0000000, 0x00000000a3b80000, 0x00000000e0000000)
  object space 60928K, 16% used [0x00000000a0000000,0x00000000a0a04268,0x00000000a3b80000)
 Metaspace       used 26609K, capacity 27106K, committed 27392K, reserved 1073152K
  class space    used 3643K, capacity 3801K, committed 3840K, reserved 1048576K
}
Event: 7.078 GC heap before
{Heap before GC invocations=8 (full 1):
 PSYoungGen      total 67072K, used 67041K [0x00000000e0000000, 0x00000000e7580000, 0x0000000100000000)
  eden space 61952K, 100% used [0x00000000e0000000,0x00000000e3c80000,0x00000000e3c80000)
  from space 5120K, 99% used [0x00000000e4600000,0x00000000e4af8558,0x00000000e4b00000)
  to   space 9728K, 0% used [0x00000000e3c80000,0x00000000e3c80000,0x00000000e4600000)
 ParOldGen       total 60928K, used 10256K [0x00000000a0000000, 0x00000000a3b80000, 0x00000000e0000000)
  object space 60928K, 16% used [0x00000000a0000000,0x00000000a0a04268,0x00000000a3b80000)
 Metaspace       used 29855K, capacity 30324K, committed 30464K, reserved 1075200K
  class space    used 4165K, capacity 4319K, committed 4352K, reserved 1048576K
Event: 7.092 GC heap after
Heap after GC invocations=8 (full 1):
 PSYoungGen      total 71680K, used 8251K [0x00000000e0000000, 0x00000000e6d80000, 0x0000000100000000)
  eden space 61952K, 0% used [0x00000000e0000000,0x00000000e0000000,0x00000000e3c80000)
  from space 9728K, 84% used [0x00000000e3c80000,0x00000000e448efb8,0x00000000e4600000)
  to   space 10240K, 0% used [0x00000000e6380000,0x00000000e6380000,0x00000000e6d80000)
 ParOldGen       total 60928K, used 10264K [0x00000000a0000000, 0x00000000a3b80000, 0x00000000e0000000)
  object space 60928K, 16% used [0x00000000a0000000,0x00000000a0a06268,0x00000000a3b80000)
 Metaspace       used 29855K, capacity 30324K, committed 30464K, reserved 1075200K
  class space    used 4165K, capacity 4319K, committed 4352K, reserved 1048576K
}
Event: 8.148 GC heap before
{Heap before GC invocations=9 (full 1):
 PSYoungGen      total 71680K, used 39079K [0x00000000e0000000, 0x00000000e6d80000, 0x0000000100000000)
  eden space 61952K, 49% used [0x00000000e0000000,0x00000000e1e1aeb0,0x00000000e3c80000)
  from space 9728K, 84% used [0x00000000e3c80000,0x00000000e448efb8,0x00000000e4600000)
  to   space 10240K, 0% used [0x00000000e6380000,0x00000000e6380000,0x00000000e6d80000)
 ParOldGen       total 60928K, used 10264K [0x00000000a0000000, 0x00000000a3b80000, 0x00000000e0000000)
  object space 60928K, 16% used [0x00000000a0000000,0x00000000a0a06268,0x00000000a3b80000)
 Metaspace       used 34548K, capacity 35200K, committed 35416K, reserved 1079296K
  class space    used 4789K, capacity 4988K, committed 4992K, reserved 1048576K
Event: 8.163 GC heap after
Heap after GC invocations=9 (full 1):
 PSYoungGen      total 101376K, used 9612K [0x00000000e0000000, 0x00000000e6e00000, 0x0000000100000000)
  eden space 91136K, 0% used [0x00000000e0000000,0x00000000e0000000,0x00000000e5900000)
  from space 10240K, 93% used [0x00000000e6380000,0x00000000e6ce3118,0x00000000e6d80000)
  to   space 10752K, 0% used [0x00000000e5900000,0x00000000e5900000,0x00000000e6380000)
 ParOldGen       total 60928K, used 10272K [0x00000000a0000000, 0x00000000a3b80000, 0x00000000e0000000)
  object space 60928K, 16% used [0x00000000a0000000,0x00000000a0a08268,0x00000000a3b80000)
 Metaspace       used 34548K, capacity 35200K, committed 35416K, reserved 1079296K
  class space    used 4789K, capacity 4988K, committed 4992K, reserved 1048576K
}
Event: 8.163 GC heap before
{Heap before GC invocations=10 (full 2):
 PSYoungGen      total 101376K, used 9612K [0x00000000e0000000, 0x00000000e6e00000, 0x0000000100000000)
  eden space 91136K, 0% used [0x00000000e0000000,0x00000000e0000000,0x00000000e5900000)
  from space 10240K, 93% used [0x00000000e6380000,0x00000000e6ce3118,0x00000000e6d80000)
  to   space 10752K, 0% used [0x00000000e5900000,0x00000000e5900000,0x00000000e6380000)
 ParOldGen       total 60928K, used 10272K [0x00000000a0000000, 0x00000000a3b80000, 0x00000000e0000000)
  object space 60928K, 16% used [0x00000000a0000000,0x00000000a0a08268,0x00000000a3b80000)
 Metaspace       used 34548K, capacity 35200K, committed 35416K, reserved 1079296K
  class space    used 4789K, capacity 4988K, committed 4992K, reserved 1048576K
Event: 8.255 GC heap after
Heap after GC invocations=10 (full 2):
 PSYoungGen      total 101376K, used 0K [0x00000000e0000000, 0x00000000e6e00000, 0x0000000100000000)
  eden space 91136K, 0% used [0x00000000e0000000,0x00000000e0000000,0x00000000e5900000)
  from space 10240K, 0% used [0x00000000e6380000,0x00000000e6380000,0x00000000e6d80000)
  to   space 10752K, 0% used [0x00000000e5900000,0x00000000e5900000,0x00000000e6380000)
 ParOldGen       total 96256K, used 16216K [0x00000000a0000000, 0x00000000a5e00000, 0x00000000e0000000)
  object space 96256K, 16% used [0x00000000a0000000,0x00000000a0fd62c0,0x00000000a5e00000)
 Metaspace       used 34548K, capacity 35200K, committed 35416K, reserved 1079296K
  class space    used 4789K, capacity 4988K, committed 4992K, reserved 1048576K
}

Deoptimization events (10 events):
Event: 7.833 Thread 0x00000000190aa800 Uncommon trap: reason=class_check action=maybe_recompile pc=0x000000000347df58 method=java.io.BufferedInputStream.read1([BII)I @ 39
Event: 7.905 Thread 0x00000000190aa800 Uncommon trap: reason=predicate action=maybe_recompile pc=0x0000000003558b74 method=java.util.Arrays.binarySearch0([Ljava/lang/Object;IILjava/lang/Object;Ljava/util/Comparator;)I @ 28
Event: 8.559 Thread 0x00000000190aa800 Uncommon trap: reason=unstable_if action=reinterpret pc=0x00000000033b4a34 method=java.util.HashMap.putVal(ILjava/lang/Object;Ljava/lang/Object;ZZ)Ljava/lang/Object; @ 162
Event: 8.560 Thread 0x00000000190aa800 Uncommon trap: reason=unstable_if action=reinterpret pc=0x0000000002dd207c method=java.util.HashMap.resize()[Ljava/util/HashMap$Node; @ 206
Event: 8.649 Thread 0x00000000190aa800 Uncommon trap: reason=unstable_if action=reinterpret pc=0x0000000003142050 method=java.lang.reflect.Modifier.toString(I)Ljava/lang/String; @ 123
Event: 8.649 Thread 0x00000000190aa800 Uncommon trap: reason=unstable_if action=reinterpret pc=0x0000000003159c2c method=java.lang.reflect.Modifier.toString(I)Ljava/lang/String; @ 123
Event: 8.758 Thread 0x00000000190aa800 Uncommon trap: reason=class_check action=maybe_recompile pc=0x000000000313d90c method=com.google.common.collect.AbstractMapBasedMultimap$WrappedCollection.refreshIfEmpty()V @ 40
Event: 8.758 Thread 0x00000000190aa800 Uncommon trap: reason=class_check action=maybe_recompile pc=0x000000000313d90c method=com.google.common.collect.AbstractMapBasedMultimap$WrappedCollection.refreshIfEmpty()V @ 40
Event: 8.758 Thread 0x00000000190aa800 Uncommon trap: reason=class_check action=maybe_recompile pc=0x000000000313d90c method=com.google.common.collect.AbstractMapBasedMultimap$WrappedCollection.refreshIfEmpty()V @ 40
Event: 8.758 Thread 0x00000000190aa800 Uncommon trap: reason=class_check action=maybe_recompile pc=0x000000000313d90c method=com.google.common.collect.AbstractMapBasedMultimap$WrappedCollection.refreshIfEmpty()V @ 40

Classes redefined (0 events):
No events

Internal exceptions (10 events):
Event: 7.673 Thread 0x00000000190aa800 Exception <a 'java/lang/ClassNotFoundException': org/gradle/api/internal/AbstractTaskCustomizer> (0x00000000e074e590) thrown at [D:\src\AOSP-openjdk-cygwin\jdk8u\hotspot\src\share\vm\classfile\systemDictionary.cpp, line 210]
Event: 7.677 Thread 0x00000000190aa800 Exception <a 'java/lang/ClassNotFoundException': org/gradle/api/DefaultTaskCustomizer> (0x00000000e07d8460) thrown at [D:\src\AOSP-openjdk-cygwin\jdk8u\hotspot\src\share\vm\classfile\systemDictionary.cpp, line 210]
Event: 7.678 Thread 0x00000000190aa800 Exception <a 'java/lang/ClassNotFoundException': org/gradle/api/internal/ConventionTaskCustomizer> (0x00000000e08144f8) thrown at [D:\src\AOSP-openjdk-cygwin\jdk8u\hotspot\src\share\vm\classfile\systemDictionary.cpp, line 210]
Event: 7.680 Thread 0x00000000190aa800 Exception <a 'java/lang/ClassNotFoundException': org/gradle/api/tasks/DeleteCustomizer> (0x00000000e084ddc0) thrown at [D:\src\AOSP-openjdk-cygwin\jdk8u\hotspot\src\share\vm\classfile\systemDictionary.cpp, line 210]
Event: 7.682 Thread 0x00000000190aa800 Exception <a 'java/lang/ClassNotFoundException': org/gradle/api/tasks/Delete_DecoratedCustomizer> (0x00000000e0895698) thrown at [D:\src\AOSP-openjdk-cygwin\jdk8u\hotspot\src\share\vm\classfile\systemDictionary.cpp, line 210]
Event: 7.731 Thread 0x00000000190aa800 Exception <a 'java/lang/ClassNotFoundException': build_1qshre94c8omou4c0n475dkneBeanInfo> (0x00000000e09bbc88) thrown at [D:\src\AOSP-openjdk-cygwin\jdk8u\hotspot\src\share\vm\classfile\systemDictionary.cpp, line 210]
Event: 7.731 Thread 0x00000000190aa800 Exception <a 'java/lang/ClassNotFoundException': build_1qshre94c8omou4c0n475dkneCustomizer> (0x00000000e09c6680) thrown at [D:\src\AOSP-openjdk-cygwin\jdk8u\hotspot\src\share\vm\classfile\systemDictionary.cpp, line 210]
Event: 7.737 Thread 0x00000000190aa800 Exception <a 'java/lang/ClassNotFoundException': org/gradle/api/internal/plugins/DefaultObjectConfigurationActionBeanInfo> (0x00000000e0a2e418) thrown at [D:\src\AOSP-openjdk-cygwin\jdk8u\hotspot\src\share\vm\classfile\systemDictionary.cpp, line 210]
Event: 7.738 Thread 0x00000000190aa800 Exception <a 'java/lang/ClassNotFoundException': org/gradle/api/internal/plugins/DefaultObjectConfigurationActionCustomizer> (0x00000000e0a67eb8) thrown at [D:\src\AOSP-openjdk-cygwin\jdk8u\hotspot\src\share\vm\classfile\systemDictionary.cpp, line 210]
Event: 8.384 Thread 0x00000000190aa800 Exception <a 'sun/nio/fs/WindowsException'> (0x00000000e06f9240) thrown at [D:\src\AOSP-openjdk-cygwin\jdk8u\hotspot\src\share\vm\prims\jni.cpp, line 709]

Events (10 events):
Event: 8.758 Thread 0x00000000190aa800 DEOPT PACKING pc=0x000000000313d90c sp=0x000000001a59a8d0
Event: 8.758 Thread 0x00000000190aa800 DEOPT UNPACKING pc=0x0000000002b6557b sp=0x000000001a59a868 mode 2
Event: 8.758 Thread 0x00000000190aa800 Uncommon trap: trap_request=0xffffffde fr.pc=0x000000000313d90c
Event: 8.758 Thread 0x00000000190aa800 DEOPT PACKING pc=0x000000000313d90c sp=0x000000001a59a8d0
Event: 8.758 Thread 0x00000000190aa800 DEOPT UNPACKING pc=0x0000000002b6557b sp=0x000000001a59a868 mode 2
Event: 8.758 Thread 0x00000000190aa800 Uncommon trap: trap_request=0xffffffde fr.pc=0x000000000313d90c
Event: 8.758 Thread 0x00000000190aa800 DEOPT PACKING pc=0x000000000313d90c sp=0x000000001a59a8d0
Event: 8.758 Thread 0x00000000190aa800 DEOPT UNPACKING pc=0x0000000002b6557b sp=0x000000001a59a868 mode 2
Event: 8.759 loading class org/gradle/api/plugins/JavaPluginConvention
Event: 8.759 loading class org/gradle/api/plugins/JavaPluginConvention done


Dynamic libraries:
0x00007ff620fd0000 - 0x00007ff621001000 	C:\Program Files\Android\Android Studio\jre\bin\java.exe
0x00007ffb69010000 - 0x00007ffb691f1000 	C:\WINDOWS\SYSTEM32\ntdll.dll
0x00007ffb66520000 - 0x00007ffb665d2000 	C:\WINDOWS\System32\KERNEL32.DLL
0x00007ffb66160000 - 0x00007ffb663d3000 	C:\WINDOWS\System32\KERNELBASE.dll
0x00007ffb67cb0000 - 0x00007ffb67d51000 	C:\WINDOWS\System32\ADVAPI32.dll
0x00007ffb67f50000 - 0x00007ffb67fee000 	C:\WINDOWS\System32\msvcrt.dll
0x00007ffb67d70000 - 0x00007ffb67dcb000 	C:\WINDOWS\System32\sechost.dll
0x00007ffb683a0000 - 0x00007ffb684c4000 	C:\WINDOWS\System32\RPCRT4.dll
0x00007ffb68210000 - 0x00007ffb683a0000 	C:\WINDOWS\System32\USER32.dll
0x00007ffb66480000 - 0x00007ffb664a0000 	C:\WINDOWS\System32\win32u.dll
0x00007ffb665e0000 - 0x00007ffb66608000 	C:\WINDOWS\System32\GDI32.dll
0x00007ffb65fc0000 - 0x00007ffb66152000 	C:\WINDOWS\System32\gdi32full.dll
0x00007ffb663e0000 - 0x00007ffb6647f000 	C:\WINDOWS\System32\msvcp_win.dll
0x00007ffb65ba0000 - 0x00007ffb65c9a000 	C:\WINDOWS\System32\ucrtbase.dll
0x00007ffb4e960000 - 0x00007ffb4ebc9000 	C:\WINDOWS\WinSxS\amd64_microsoft.windows.common-controls_6595b64144ccf1df_6.0.17134.407_none_fb449d63306391e9\COMCTL32.dll
0x00007ffb684d0000 - 0x00007ffb687f2000 	C:\WINDOWS\System32\combase.dll
0x00007ffb65f40000 - 0x00007ffb65fba000 	C:\WINDOWS\System32\bcryptPrimitives.dll
0x00007ffb68f30000 - 0x00007ffb68f5d000 	C:\WINDOWS\System32\IMM32.DLL
0x000000005f7c0000 - 0x000000005f892000 	C:\Program Files\Android\Android Studio\jre\jre\bin\msvcr100.dll
0x000000005dfa0000 - 0x000000005e7e1000 	C:\Program Files\Android\Android Studio\jre\jre\bin\server\jvm.dll
0x00007ffb68f60000 - 0x00007ffb68f68000 	C:\WINDOWS\System32\PSAPI.DLL
0x00007ffb58590000 - 0x00007ffb5859a000 	C:\WINDOWS\SYSTEM32\VERSION.dll
0x00007ffb63f70000 - 0x00007ffb63f79000 	C:\WINDOWS\SYSTEM32\WSOCK32.dll
0x00007ffb60400000 - 0x00007ffb60423000 	C:\WINDOWS\SYSTEM32\WINMM.dll
0x00007ffb68f70000 - 0x00007ffb68fdc000 	C:\WINDOWS\System32\WS2_32.dll
0x00007ffb603d0000 - 0x00007ffb603fa000 	C:\WINDOWS\SYSTEM32\winmmbase.dll
0x00007ffb65ef0000 - 0x00007ffb65f39000 	C:\WINDOWS\System32\cfgmgr32.dll
0x00007ffb605b0000 - 0x00007ffb605bf000 	C:\Program Files\Android\Android Studio\jre\jre\bin\verify.dll
0x00007ffb53560000 - 0x00007ffb53589000 	C:\Program Files\Android\Android Studio\jre\jre\bin\java.dll
0x00007ffb54f20000 - 0x00007ffb54f36000 	C:\Program Files\Android\Android Studio\jre\jre\bin\zip.dll
0x00007ffb66870000 - 0x00007ffb67caf000 	C:\WINDOWS\System32\SHELL32.dll
0x00007ffb68810000 - 0x00007ffb688b9000 	C:\WINDOWS\System32\shcore.dll
0x00007ffb653e0000 - 0x00007ffb65aed000 	C:\WINDOWS\System32\windows.storage.dll
0x00007ffb66610000 - 0x00007ffb66661000 	C:\WINDOWS\System32\shlwapi.dll
0x00007ffb653a0000 - 0x00007ffb653b1000 	C:\WINDOWS\System32\kernel.appcore.dll
0x00007ffb65320000 - 0x00007ffb6533f000 	C:\WINDOWS\System32\profapi.dll
0x00007ffb65340000 - 0x00007ffb6538c000 	C:\WINDOWS\System32\powrprof.dll
0x00007ffb65390000 - 0x00007ffb6539a000 	C:\WINDOWS\System32\FLTLIB.DLL
0x00007ffb54ea0000 - 0x00007ffb54eba000 	C:\Program Files\Android\Android Studio\jre\jre\bin\net.dll
0x00007ffb64ba0000 - 0x00007ffb64c06000 	C:\WINDOWS\system32\mswsock.dll
0x00007ffb504d0000 - 0x00007ffb504e1000 	C:\Program Files\Android\Android Studio\jre\jre\bin\nio.dll
0x00007ffb58f90000 - 0x00007ffb58fae000 	C:\Users\user\.gradle\native\25\windows-amd64\native-platform.dll
0x00007ffb60000000 - 0x00007ffb6000d000 	C:\Program Files\Android\Android Studio\jre\jre\bin\management.dll
0x00007ffb64d50000 - 0x00007ffb64d67000 	C:\WINDOWS\SYSTEM32\CRYPTSP.dll
0x00007ffb64780000 - 0x00007ffb647b3000 	C:\WINDOWS\system32\rsaenh.dll
0x00007ffb64e80000 - 0x00007ffb64ea5000 	C:\WINDOWS\SYSTEM32\bcrypt.dll
0x00007ffb65220000 - 0x00007ffb65248000 	C:\WINDOWS\SYSTEM32\USERENV.dll
0x00007ffb64d70000 - 0x00007ffb64d7b000 	C:\WINDOWS\SYSTEM32\CRYPTBASE.dll
0x00007ffb64920000 - 0x00007ffb64958000 	C:\WINDOWS\SYSTEM32\IPHLPAPI.DLL
0x00007ffb67d60000 - 0x00007ffb67d68000 	C:\WINDOWS\System32\NSI.dll
0x00007ffb5b0b0000 - 0x00007ffb5b0c6000 	C:\WINDOWS\SYSTEM32\dhcpcsvc6.DLL
0x00007ffb5b200000 - 0x00007ffb5b21a000 	C:\WINDOWS\SYSTEM32\dhcpcsvc.DLL

VM Arguments:
jvm_args: -Xmx1536m -Dfile.encoding=x-windows-949 -Duser.country=KR -Duser.language=ko -Duser.variant 
java_command: org.gradle.launcher.daemon.bootstrap.GradleDaemon 4.6
java_class_path (initial): C:\Users\user\.gradle\wrapper\dists\gradle-4.6-all\bcst21l2brirad8k2ben1letg\gradle-4.6\lib\gradle-launcher-4.6.jar
Launcher Type: SUN_STANDARD

Environment Variables:
JAVA_HOME=C:\Program Files\Java\jdk1.8.0_131
PATH=C:\Program Files (x86)\Common Files\Oracle\Java\javapath;C:\ProgramData\Oracle\Java\javapath;C:\Program Files (x86)\Intel\iCLS Client\;C:\Program Files\Intel\iCLS Client\;C:\WINDOWS\system32;C:\WINDOWS;C:\WINDOWS\System32\Wbem;C:\WINDOWS\System32\WindowsPowerShell\v1.0\;C:\Program Files (x86)\Intel\Intel(R) Management Engine Components\DAL;C:\Program Files\Intel\Intel(R) Management Engine Components\DAL;C:\Program Files (x86)\Intel\Intel(R) Management Engine Components\IPT;C:\Program Files\Intel\Intel(R) Management Engine Components\IPT;C:\Program Files (x86)\Microsoft SQL Server\100\Tools\Binn\;C:\Program Files\Microsoft SQL Server\100\Tools\Binn\;C:\Program Files\Microsoft SQL Server\100\DTS\Binn\;C:\Program Files\Java\jdk1.8.0_131\bin;C:\Program Files\Microsoft SQL Server\130\Tools\Binn\;C:\Program Files (x86)\Windows Kits\10\Windows Performance Toolkit\;C:\Program Files\Microsoft SQL Server\120\Tools\Binn\;C:\WINDOWS\system32\config\systemprofile\.dnx\bin;C:\Program Files\Microsoft DNX\Dnvm\;C:\Program Files\Intel\WiFi\bin\;C:\Program Files\Common Files\Intel\WirelessCommon\;C:\WINDOWS\System32\OpenSSH\;C:\Program Files\Git\cmd;C:\Users\user\AppData\Local\Programs\Python\Python36\Scripts\;C:\Users\user\AppData\Local\Programs\Python\Python36\;C:\Program Files\Intel\WiFi\bin\;C:\Program Files\Common Files\Intel\WirelessCommon\;C:\Users\user\AppData\Local\Microsoft\WindowsApps;C:\Users\user\AppData\Local\atom\bin;C:\Program Files (x86)\ESTsoft\ALSee\x64
USERNAME=user
OS=Windows_NT
PROCESSOR_IDENTIFIER=Intel64 Family 6 Model 78 Stepping 3, GenuineIntel



---------------  S Y S T E M  ---------------

OS: Windows 10.0 , 64 bit Build 17134 (10.0.17134.1)

CPU:total 4 (initial active 4) (2 cores per cpu, 2 threads per core) family 6 model 78 stepping 3, cmov, cx8, fxsr, mmx, sse, sse2, sse3, ssse3, sse4.1, sse4.2, popcnt, avx, avx2, aes, clmul, erms, 3dnowpref, lzcnt, ht, tsc, tscinvbit, bmi1, bmi2, adx

Memory: 4k page, physical 8302644k(973324k free), swap 8302644k(4488k free)

vm_info: OpenJDK 64-Bit Server VM (25.152-b06) for windows-amd64 JRE (1.8.0_152-release-1136-b06), built by "builder" with MS VC++ 10.0 (VS2010)

time: Mon Nov 26 18:35:03 2018
elapsed time: 8 seconds (0d 0h 0m 8s)

